ERROR - 2023-05-17 14:16:46 --> ErrorException: oci_execute(): ORA-00001: unique constraint (MPSAM.pk_ADMINISTRATORI) violated in C:\Users\MPSAM\Documents\WEB Platform\php-8.2.6-Win32-vs16-x64\system\Database\OCI8\Connection.php:199
Stack trace:
#0 [internal function]: CodeIgniter\Debug\Exceptions->errorHandler(2, 'oci_execute(): ...', 'C:\\Users\\MPSAM\\...', 199)
#1 C:\Users\MPSAM\Documents\WEB Platform\php-8.2.6-Win32-vs16-x64\system\Database\OCI8\Connection.php(199): oci_execute(Resource id #111, 32)
#2 C:\Users\MPSAM\Documents\WEB Platform\php-8.2.6-Win32-vs16-x64\system\Database\BaseConnection.php(693): CodeIgniter\Database\OCI8\Connection->execute('INSERT INTO "AD...')
#3 C:\Users\MPSAM\Documents\WEB Platform\php-8.2.6-Win32-vs16-x64\system\Database\BaseConnection.php(606): CodeIgniter\Database\BaseConnection->simpleQuery('INSERT INTO "AD...')
#4 C:\Users\MPSAM\Documents\WEB Platform\php-8.2.6-Win32-vs16-x64\system\Database\BaseBuilder.php(2309): CodeIgniter\Database\BaseConnection->query('INSERT INTO "AD...', Array, false)
#5 C:\Users\MPSAM\Documents\WEB Platform\php-8.2.6-Win32-vs16-x64\system\Model.php(330): CodeIgniter\Database\BaseBuilder->insert()
#6 C:\Users\MPSAM\Documents\WEB Platform\php-8.2.6-Win32-vs16-x64\system\BaseModel.php(782): CodeIgniter\Model->doInsert(Array)
#7 C:\Users\MPSAM\Documents\WEB Platform\php-8.2.6-Win32-vs16-x64\system\Model.php(730): CodeIgniter\BaseModel->insert(Array, true)
#8 C:\Users\MPSAM\Documents\WEB Platform\php-8.2.6-Win32-vs16-x64\app\Controllers\Home.php(40): CodeIgniter\Model->insert(Array)
#9 C:\Users\MPSAM\Documents\WEB Platform\php-8.2.6-Win32-vs16-x64\system\CodeIgniter.php(934): App\Controllers\Home->index()
#10 C:\Users\MPSAM\Documents\WEB Platform\php-8.2.6-Win32-vs16-x64\system\CodeIgniter.php(499): CodeIgniter\CodeIgniter->runController(Object(App\Controllers\Home))
#11 C:\Users\MPSAM\Documents\WEB Platform\php-8.2.6-Win32-vs16-x64\system\CodeIgniter.php(368): CodeIgniter\CodeIgniter->handleRequest(NULL, Object(Config\Cache), false)
#12 C:\Users\MPSAM\Documents\WEB Platform\php-8.2.6-Win32-vs16-x64\public\index.php(67): CodeIgniter\CodeIgniter->run()
#13 {main}
CRITICAL - 2023-05-17 14:16:46 --> oci_execute(): ORA-00001: unique constraint (MPSAM.pk_ADMINISTRATORI) violated
in SYSTEMPATH\Database\OCI8\Connection.php on line 199.
 1 [internal function]: CodeIgniter\Debug\Exceptions->errorHandler(2, 'oci_execute(): ORA-00001: unique constraint (MPSAM.pk_ADMINISTRATORI) violated', 'C:\\Users\\MPSAM\\Documents\\WEB Platform\\php-8.2.6-Win32-vs16-x64\\system\\Database\\OCI8\\Connection.php', 199)
 2 SYSTEMPATH\Database\OCI8\Connection.php(199): oci_execute(resource (oci8 statement), 32)
 3 SYSTEMPATH\Database\BaseConnection.php(693): CodeIgniter\Database\OCI8\Connection->execute('INSERT INTO "ADMINISTRATORI" ("id", "parola", "nume", "prenume", "cnp", "localitate", "judet", "strada", "bloc", "scara", "etaj", "apartament", "numar", "telefon", "email") VALUES (0, \'5994471abb01112afcc18159f6cc74b4f511b99806da59b3caf5a9c173cacfc5\', \'nume0\', \'prenume0\', \'cnp0\', \'localitate0\', \'judet0\', \'strada0\', \'bloc0\', \'scara0\', 0, 0, \'0\', \'0754321753\', \'test0@test0.com\')')
 4 SYSTEMPATH\Database\BaseConnection.php(606): CodeIgniter\Database\BaseConnection->simpleQuery('INSERT INTO "ADMINISTRATORI" ("id", "parola", "nume", "prenume", "cnp", "localitate", "judet", "strada", "bloc", "scara", "etaj", "apartament", "numar", "telefon", "email") VALUES (0, \'5994471abb01112afcc18159f6cc74b4f511b99806da59b3caf5a9c173cacfc5\', \'nume0\', \'prenume0\', \'cnp0\', \'localitate0\', \'judet0\', \'strada0\', \'bloc0\', \'scara0\', 0, 0, \'0\', \'0754321753\', \'test0@test0.com\')')
 5 SYSTEMPATH\Database\BaseBuilder.php(2309): CodeIgniter\Database\BaseConnection->query('INSERT INTO "ADMINISTRATORI" ("id", "parola", "nume", "prenume", "cnp", "localitate", "judet", "strada", "bloc", "scara", "etaj", "apartament", "numar", "telefon", "email") VALUES (:id:, :parola:, :nume:, :prenume:, :cnp:, :localitate:, :judet:, :strada:, :bloc:, :scara:, :etaj:, :apartament:, :numar:, :telefon:, :email:)', [...], false)
 6 SYSTEMPATH\Model.php(330): CodeIgniter\Database\BaseBuilder->insert()
 7 SYSTEMPATH\BaseModel.php(782): CodeIgniter\Model->doInsert([...])
 8 SYSTEMPATH\Model.php(730): CodeIgniter\BaseModel->insert([...], true)
 9 APPPATH\Controllers\Home.php(40): CodeIgniter\Model->insert([...])
10 SYSTEMPATH\CodeIgniter.php(934): App\Controllers\Home->index()
11 SYSTEMPATH\CodeIgniter.php(499): CodeIgniter\CodeIgniter->runController(Object(App\Controllers\Home))
12 SYSTEMPATH\CodeIgniter.php(368): CodeIgniter\CodeIgniter->handleRequest(null, Object(Config\Cache), false)
13 FCPATH\index.php(67): CodeIgniter\CodeIgniter->run()
ERROR - 2023-05-17 14:21:15 --> ErrorException: oci_execute(): ORA-00001: unique constraint (MPSAM.pk_ADMINISTRATORI) violated in C:\Users\MPSAM\Documents\WEB Platform\php-8.2.6-Win32-vs16-x64\system\Database\OCI8\Connection.php:199
Stack trace:
#0 [internal function]: CodeIgniter\Debug\Exceptions->errorHandler(2, 'oci_execute(): ...', 'C:\\Users\\MPSAM\\...', 199)
#1 C:\Users\MPSAM\Documents\WEB Platform\php-8.2.6-Win32-vs16-x64\system\Database\OCI8\Connection.php(199): oci_execute(Resource id #111, 32)
#2 C:\Users\MPSAM\Documents\WEB Platform\php-8.2.6-Win32-vs16-x64\system\Database\BaseConnection.php(693): CodeIgniter\Database\OCI8\Connection->execute('INSERT INTO "AD...')
#3 C:\Users\MPSAM\Documents\WEB Platform\php-8.2.6-Win32-vs16-x64\system\Database\BaseConnection.php(606): CodeIgniter\Database\BaseConnection->simpleQuery('INSERT INTO "AD...')
#4 C:\Users\MPSAM\Documents\WEB Platform\php-8.2.6-Win32-vs16-x64\system\Database\BaseBuilder.php(2309): CodeIgniter\Database\BaseConnection->query('INSERT INTO "AD...', Array, false)
#5 C:\Users\MPSAM\Documents\WEB Platform\php-8.2.6-Win32-vs16-x64\system\Model.php(330): CodeIgniter\Database\BaseBuilder->insert()
#6 C:\Users\MPSAM\Documents\WEB Platform\php-8.2.6-Win32-vs16-x64\system\BaseModel.php(782): CodeIgniter\Model->doInsert(Array)
#7 C:\Users\MPSAM\Documents\WEB Platform\php-8.2.6-Win32-vs16-x64\system\Model.php(730): CodeIgniter\BaseModel->insert(Array, true)
#8 C:\Users\MPSAM\Documents\WEB Platform\php-8.2.6-Win32-vs16-x64\app\Controllers\Home.php(40): CodeIgniter\Model->insert(Array)
#9 C:\Users\MPSAM\Documents\WEB Platform\php-8.2.6-Win32-vs16-x64\system\CodeIgniter.php(934): App\Controllers\Home->index()
#10 C:\Users\MPSAM\Documents\WEB Platform\php-8.2.6-Win32-vs16-x64\system\CodeIgniter.php(499): CodeIgniter\CodeIgniter->runController(Object(App\Controllers\Home))
#11 C:\Users\MPSAM\Documents\WEB Platform\php-8.2.6-Win32-vs16-x64\system\CodeIgniter.php(368): CodeIgniter\CodeIgniter->handleRequest(NULL, Object(Config\Cache), false)
#12 C:\Users\MPSAM\Documents\WEB Platform\php-8.2.6-Win32-vs16-x64\public\index.php(67): CodeIgniter\CodeIgniter->run()
#13 {main}
CRITICAL - 2023-05-17 14:21:15 --> oci_execute(): ORA-00001: unique constraint (MPSAM.pk_ADMINISTRATORI) violated
in SYSTEMPATH\Database\OCI8\Connection.php on line 199.
 1 [internal function]: CodeIgniter\Debug\Exceptions->errorHandler(2, 'oci_execute(): ORA-00001: unique constraint (MPSAM.pk_ADMINISTRATORI) violated', 'C:\\Users\\MPSAM\\Documents\\WEB Platform\\php-8.2.6-Win32-vs16-x64\\system\\Database\\OCI8\\Connection.php', 199)
 2 SYSTEMPATH\Database\OCI8\Connection.php(199): oci_execute(resource (oci8 statement), 32)
 3 SYSTEMPATH\Database\BaseConnection.php(693): CodeIgniter\Database\OCI8\Connection->execute('INSERT INTO "ADMINISTRATORI" ("id", "parola", "nume", "prenume", "cnp", "localitate", "judet", "strada", "bloc", "scara", "etaj", "apartament", "numar", "telefon", "email") VALUES (0, \'5994471abb01112afcc18159f6cc74b4f511b99806da59b3caf5a9c173cacfc5\', \'nume0\', \'prenume0\', \'cnp0\', \'localitate0\', \'judet0\', \'strada0\', \'bloc0\', \'scara0\', 0, 0, \'0\', \'0754321753\', \'test0@test0.com\')')
 4 SYSTEMPATH\Database\BaseConnection.php(606): CodeIgniter\Database\BaseConnection->simpleQuery('INSERT INTO "ADMINISTRATORI" ("id", "parola", "nume", "prenume", "cnp", "localitate", "judet", "strada", "bloc", "scara", "etaj", "apartament", "numar", "telefon", "email") VALUES (0, \'5994471abb01112afcc18159f6cc74b4f511b99806da59b3caf5a9c173cacfc5\', \'nume0\', \'prenume0\', \'cnp0\', \'localitate0\', \'judet0\', \'strada0\', \'bloc0\', \'scara0\', 0, 0, \'0\', \'0754321753\', \'test0@test0.com\')')
 5 SYSTEMPATH\Database\BaseBuilder.php(2309): CodeIgniter\Database\BaseConnection->query('INSERT INTO "ADMINISTRATORI" ("id", "parola", "nume", "prenume", "cnp", "localitate", "judet", "strada", "bloc", "scara", "etaj", "apartament", "numar", "telefon", "email") VALUES (:id:, :parola:, :nume:, :prenume:, :cnp:, :localitate:, :judet:, :strada:, :bloc:, :scara:, :etaj:, :apartament:, :numar:, :telefon:, :email:)', [...], false)
 6 SYSTEMPATH\Model.php(330): CodeIgniter\Database\BaseBuilder->insert()
 7 SYSTEMPATH\BaseModel.php(782): CodeIgniter\Model->doInsert([...])
 8 SYSTEMPATH\Model.php(730): CodeIgniter\BaseModel->insert([...], true)
 9 APPPATH\Controllers\Home.php(40): CodeIgniter\Model->insert([...])
10 SYSTEMPATH\CodeIgniter.php(934): App\Controllers\Home->index()
11 SYSTEMPATH\CodeIgniter.php(499): CodeIgniter\CodeIgniter->runController(Object(App\Controllers\Home))
12 SYSTEMPATH\CodeIgniter.php(368): CodeIgniter\CodeIgniter->handleRequest(null, Object(Config\Cache), false)
13 FCPATH\index.php(67): CodeIgniter\CodeIgniter->run()
ERROR - 2023-05-17 14:21:37 --> ErrorException: oci_execute(): ORA-00001: unique constraint (MPSAM.pk_ADMINISTRATORI) violated in C:\Users\MPSAM\Documents\WEB Platform\php-8.2.6-Win32-vs16-x64\system\Database\OCI8\Connection.php:199
Stack trace:
#0 [internal function]: CodeIgniter\Debug\Exceptions->errorHandler(2, 'oci_execute(): ...', 'C:\\Users\\MPSAM\\...', 199)
#1 C:\Users\MPSAM\Documents\WEB Platform\php-8.2.6-Win32-vs16-x64\system\Database\OCI8\Connection.php(199): oci_execute(Resource id #111, 32)
#2 C:\Users\MPSAM\Documents\WEB Platform\php-8.2.6-Win32-vs16-x64\system\Database\BaseConnection.php(693): CodeIgniter\Database\OCI8\Connection->execute('INSERT INTO "AD...')
#3 C:\Users\MPSAM\Documents\WEB Platform\php-8.2.6-Win32-vs16-x64\system\Database\BaseConnection.php(606): CodeIgniter\Database\BaseConnection->simpleQuery('INSERT INTO "AD...')
#4 C:\Users\MPSAM\Documents\WEB Platform\php-8.2.6-Win32-vs16-x64\system\Database\BaseBuilder.php(2309): CodeIgniter\Database\BaseConnection->query('INSERT INTO "AD...', Array, false)
#5 C:\Users\MPSAM\Documents\WEB Platform\php-8.2.6-Win32-vs16-x64\system\Model.php(330): CodeIgniter\Database\BaseBuilder->insert()
#6 C:\Users\MPSAM\Documents\WEB Platform\php-8.2.6-Win32-vs16-x64\system\BaseModel.php(782): CodeIgniter\Model->doInsert(Array)
#7 C:\Users\MPSAM\Documents\WEB Platform\php-8.2.6-Win32-vs16-x64\system\Model.php(730): CodeIgniter\BaseModel->insert(Array, true)
#8 C:\Users\MPSAM\Documents\WEB Platform\php-8.2.6-Win32-vs16-x64\app\Controllers\Home.php(40): CodeIgniter\Model->insert(Array)
#9 C:\Users\MPSAM\Documents\WEB Platform\php-8.2.6-Win32-vs16-x64\system\CodeIgniter.php(934): App\Controllers\Home->index()
#10 C:\Users\MPSAM\Documents\WEB Platform\php-8.2.6-Win32-vs16-x64\system\CodeIgniter.php(499): CodeIgniter\CodeIgniter->runController(Object(App\Controllers\Home))
#11 C:\Users\MPSAM\Documents\WEB Platform\php-8.2.6-Win32-vs16-x64\system\CodeIgniter.php(368): CodeIgniter\CodeIgniter->handleRequest(NULL, Object(Config\Cache), false)
#12 C:\Users\MPSAM\Documents\WEB Platform\php-8.2.6-Win32-vs16-x64\public\index.php(67): CodeIgniter\CodeIgniter->run()
#13 {main}
CRITICAL - 2023-05-17 14:21:37 --> oci_execute(): ORA-00001: unique constraint (MPSAM.pk_ADMINISTRATORI) violated
in SYSTEMPATH\Database\OCI8\Connection.php on line 199.
 1 [internal function]: CodeIgniter\Debug\Exceptions->errorHandler(2, 'oci_execute(): ORA-00001: unique constraint (MPSAM.pk_ADMINISTRATORI) violated', 'C:\\Users\\MPSAM\\Documents\\WEB Platform\\php-8.2.6-Win32-vs16-x64\\system\\Database\\OCI8\\Connection.php', 199)
 2 SYSTEMPATH\Database\OCI8\Connection.php(199): oci_execute(resource (oci8 statement), 32)
 3 SYSTEMPATH\Database\BaseConnection.php(693): CodeIgniter\Database\OCI8\Connection->execute('INSERT INTO "ADMINISTRATORI" ("id", "parola", "nume", "prenume", "cnp", "localitate", "judet", "strada", "bloc", "scara", "etaj", "apartament", "numar", "telefon", "email") VALUES (0, \'5994471abb01112afcc18159f6cc74b4f511b99806da59b3caf5a9c173cacfc5\', \'nume0\', \'prenume0\', \'cnp0\', \'localitate0\', \'judet0\', \'strada0\', \'bloc0\', \'scara0\', 0, 0, \'0\', \'0754321753\', \'test0@test0.com\')')
 4 SYSTEMPATH\Database\BaseConnection.php(606): CodeIgniter\Database\BaseConnection->simpleQuery('INSERT INTO "ADMINISTRATORI" ("id", "parola", "nume", "prenume", "cnp", "localitate", "judet", "strada", "bloc", "scara", "etaj", "apartament", "numar", "telefon", "email") VALUES (0, \'5994471abb01112afcc18159f6cc74b4f511b99806da59b3caf5a9c173cacfc5\', \'nume0\', \'prenume0\', \'cnp0\', \'localitate0\', \'judet0\', \'strada0\', \'bloc0\', \'scara0\', 0, 0, \'0\', \'0754321753\', \'test0@test0.com\')')
 5 SYSTEMPATH\Database\BaseBuilder.php(2309): CodeIgniter\Database\BaseConnection->query('INSERT INTO "ADMINISTRATORI" ("id", "parola", "nume", "prenume", "cnp", "localitate", "judet", "strada", "bloc", "scara", "etaj", "apartament", "numar", "telefon", "email") VALUES (:id:, :parola:, :nume:, :prenume:, :cnp:, :localitate:, :judet:, :strada:, :bloc:, :scara:, :etaj:, :apartament:, :numar:, :telefon:, :email:)', [...], false)
 6 SYSTEMPATH\Model.php(330): CodeIgniter\Database\BaseBuilder->insert()
 7 SYSTEMPATH\BaseModel.php(782): CodeIgniter\Model->doInsert([...])
 8 SYSTEMPATH\Model.php(730): CodeIgniter\BaseModel->insert([...], true)
 9 APPPATH\Controllers\Home.php(40): CodeIgniter\Model->insert([...])
10 SYSTEMPATH\CodeIgniter.php(934): App\Controllers\Home->index()
11 SYSTEMPATH\CodeIgniter.php(499): CodeIgniter\CodeIgniter->runController(Object(App\Controllers\Home))
12 SYSTEMPATH\CodeIgniter.php(368): CodeIgniter\CodeIgniter->handleRequest(null, Object(Config\Cache), false)
13 FCPATH\index.php(67): CodeIgniter\CodeIgniter->run()
CRITICAL - 2023-05-17 16:30:21 --> syntax error, unexpected token "class"
in APPPATH\Controllers\Home.php on line 6.
 1 SYSTEMPATH\Autoloader\Autoloader.php(289): CodeIgniter\Autoloader\Autoloader->includeFile('C:\\Users\\MPSAM\\Documents\\WEB Platform\\php-8.2.6-Win32-vs16-x64\\app\\Controllers\\Home.php')
 2 SYSTEMPATH\Autoloader\Autoloader.php(267): CodeIgniter\Autoloader\Autoloader->loadInNamespace('App\\Controllers\\Home')
 3 [internal function]: CodeIgniter\Autoloader\Autoloader->loadClass('App\\Controllers\\Home')
 4 SYSTEMPATH\CodeIgniter.php(892): class_exists('\\App\\Controllers\\Home', true)
 5 SYSTEMPATH\CodeIgniter.php(486): CodeIgniter\CodeIgniter->startController()
 6 SYSTEMPATH\CodeIgniter.php(368): CodeIgniter\CodeIgniter->handleRequest(null, Object(Config\Cache), false)
 7 FCPATH\index.php(67): CodeIgniter\CodeIgniter->run()
CRITICAL - 2023-05-17 16:31:22 --> Class "App\Controllers\ResponseInterface" not found
in APPPATH\Controllers\Home.php on line 46.
 1 SYSTEMPATH\CodeIgniter.php(934): App\Controllers\Home->index()
 2 SYSTEMPATH\CodeIgniter.php(499): CodeIgniter\CodeIgniter->runController(Object(App\Controllers\Home))
 3 SYSTEMPATH\CodeIgniter.php(368): CodeIgniter\CodeIgniter->handleRequest(null, Object(Config\Cache), false)
 4 FCPATH\index.php(67): CodeIgniter\CodeIgniter->run()
CRITICAL - 2023-05-17 17:02:44 --> syntax error, unexpected token "}", expecting ";"
in APPPATH\Controllers\Home.php on line 114.
 1 SYSTEMPATH\Autoloader\Autoloader.php(289): CodeIgniter\Autoloader\Autoloader->includeFile('C:\\Users\\MPSAM\\Documents\\WEB Platform\\php-8.2.6-Win32-vs16-x64\\app\\Controllers\\Home.php')
 2 SYSTEMPATH\Autoloader\Autoloader.php(267): CodeIgniter\Autoloader\Autoloader->loadInNamespace('App\\Controllers\\Home')
 3 [internal function]: CodeIgniter\Autoloader\Autoloader->loadClass('App\\Controllers\\Home')
 4 SYSTEMPATH\CodeIgniter.php(892): class_exists('\\App\\Controllers\\Home', true)
 5 SYSTEMPATH\CodeIgniter.php(486): CodeIgniter\CodeIgniter->startController()
 6 SYSTEMPATH\CodeIgniter.php(368): CodeIgniter\CodeIgniter->handleRequest(null, Object(Config\Cache), false)
 7 FCPATH\index.php(67): CodeIgniter\CodeIgniter->run()
