ERROR - 2023-05-15 09:59:13 --> ErrorException: oci_execute(): ORA-00902: invalid datatype in C:\Users\MPSAM\Documents\WEB Platform\php-8.2.6-Win32-vs16-x64\system\Database\OCI8\Connection.php:199
Stack trace:
#0 [internal function]: CodeIgniter\Debug\Exceptions->errorHandler(2, 'oci_execute(): ...', 'C:\\Users\\MPSAM\\...', 199)
#1 C:\Users\MPSAM\Documents\WEB Platform\php-8.2.6-Win32-vs16-x64\system\Database\OCI8\Connection.php(199): oci_execute(Resource id #207, 32)
#2 C:\Users\MPSAM\Documents\WEB Platform\php-8.2.6-Win32-vs16-x64\system\Database\BaseConnection.php(692): CodeIgniter\Database\OCI8\Connection->execute('CREATE TABLE "A...')
#3 C:\Users\MPSAM\Documents\WEB Platform\php-8.2.6-Win32-vs16-x64\system\Database\BaseConnection.php(606): CodeIgniter\Database\BaseConnection->simpleQuery('CREATE TABLE "A...')
#4 C:\Users\MPSAM\Documents\WEB Platform\php-8.2.6-Win32-vs16-x64\system\Database\Forge.php(546): CodeIgniter\Database\BaseConnection->query('CREATE TABLE "A...')
#5 C:\Users\MPSAM\Documents\WEB Platform\php-8.2.6-Win32-vs16-x64\app\Database\Migrations\2023-05-14-181418_CreateTableAdministratori.php(76): CodeIgniter\Database\Forge->createTable('ADMINISTRATORI')
#6 C:\Users\MPSAM\Documents\WEB Platform\php-8.2.6-Win32-vs16-x64\system\Database\MigrationRunner.php(877): App\Database\Migrations\CreateTableAdministratori->up()
#7 C:\Users\MPSAM\Documents\WEB Platform\php-8.2.6-Win32-vs16-x64\system\Database\MigrationRunner.php(188): CodeIgniter\Database\MigrationRunner->migrate('up', Object(stdClass))
#8 C:\Users\MPSAM\Documents\WEB Platform\php-8.2.6-Win32-vs16-x64\system\Commands\Database\Migrate.php(84): CodeIgniter\Database\MigrationRunner->latest(NULL)
#9 C:\Users\MPSAM\Documents\WEB Platform\php-8.2.6-Win32-vs16-x64\system\CLI\Commands.php(65): CodeIgniter\Commands\Database\Migrate->run(Array)
#10 C:\Users\MPSAM\Documents\WEB Platform\php-8.2.6-Win32-vs16-x64\system\CLI\Console.php(37): CodeIgniter\CLI\Commands->run('migrate', Array)
#11 C:\Users\MPSAM\Documents\WEB Platform\php-8.2.6-Win32-vs16-x64\spark(97): CodeIgniter\CLI\Console->run()
#12 {main}
ERROR - 2023-05-15 10:00:09 --> ErrorException: oci_execute(): ORA-00902: invalid datatype in C:\Users\MPSAM\Documents\WEB Platform\php-8.2.6-Win32-vs16-x64\system\Database\OCI8\Connection.php:199
Stack trace:
#0 [internal function]: CodeIgniter\Debug\Exceptions->errorHandler(2, 'oci_execute(): ...', 'C:\\Users\\MPSAM\\...', 199)
#1 C:\Users\MPSAM\Documents\WEB Platform\php-8.2.6-Win32-vs16-x64\system\Database\OCI8\Connection.php(199): oci_execute(Resource id #207, 32)
#2 C:\Users\MPSAM\Documents\WEB Platform\php-8.2.6-Win32-vs16-x64\system\Database\BaseConnection.php(692): CodeIgniter\Database\OCI8\Connection->execute('CREATE TABLE "A...')
#3 C:\Users\MPSAM\Documents\WEB Platform\php-8.2.6-Win32-vs16-x64\system\Database\BaseConnection.php(606): CodeIgniter\Database\BaseConnection->simpleQuery('CREATE TABLE "A...')
#4 C:\Users\MPSAM\Documents\WEB Platform\php-8.2.6-Win32-vs16-x64\system\Database\Forge.php(546): CodeIgniter\Database\BaseConnection->query('CREATE TABLE "A...')
#5 C:\Users\MPSAM\Documents\WEB Platform\php-8.2.6-Win32-vs16-x64\app\Database\Migrations\2023-05-14-181418_CreateTableAdministratori.php(76): CodeIgniter\Database\Forge->createTable('ADMINISTRATORI')
#6 C:\Users\MPSAM\Documents\WEB Platform\php-8.2.6-Win32-vs16-x64\system\Database\MigrationRunner.php(877): App\Database\Migrations\CreateTableAdministratori->up()
#7 C:\Users\MPSAM\Documents\WEB Platform\php-8.2.6-Win32-vs16-x64\system\Database\MigrationRunner.php(188): CodeIgniter\Database\MigrationRunner->migrate('up', Object(stdClass))
#8 C:\Users\MPSAM\Documents\WEB Platform\php-8.2.6-Win32-vs16-x64\system\Commands\Database\Migrate.php(84): CodeIgniter\Database\MigrationRunner->latest(NULL)
#9 C:\Users\MPSAM\Documents\WEB Platform\php-8.2.6-Win32-vs16-x64\system\CLI\Commands.php(65): CodeIgniter\Commands\Database\Migrate->run(Array)
#10 C:\Users\MPSAM\Documents\WEB Platform\php-8.2.6-Win32-vs16-x64\system\CLI\Console.php(37): CodeIgniter\CLI\Commands->run('migrate', Array)
#11 C:\Users\MPSAM\Documents\WEB Platform\php-8.2.6-Win32-vs16-x64\spark(97): CodeIgniter\CLI\Console->run()
#12 {main}
ERROR - 2023-05-15 10:00:19 --> ErrorException: oci_execute(): ORA-01400: cannot insert NULL into ("MPSAM"."migrations"."id") in C:\Users\MPSAM\Documents\WEB Platform\php-8.2.6-Win32-vs16-x64\system\Database\OCI8\Connection.php:199
Stack trace:
#0 [internal function]: CodeIgniter\Debug\Exceptions->errorHandler(2, 'oci_execute(): ...', 'C:\\Users\\MPSAM\\...', 199)
#1 C:\Users\MPSAM\Documents\WEB Platform\php-8.2.6-Win32-vs16-x64\system\Database\OCI8\Connection.php(199): oci_execute(Resource id #210, 32)
#2 C:\Users\MPSAM\Documents\WEB Platform\php-8.2.6-Win32-vs16-x64\system\Database\BaseConnection.php(692): CodeIgniter\Database\OCI8\Connection->execute('INSERT INTO "mi...')
#3 C:\Users\MPSAM\Documents\WEB Platform\php-8.2.6-Win32-vs16-x64\system\Database\BaseConnection.php(606): CodeIgniter\Database\BaseConnection->simpleQuery('INSERT INTO "mi...')
#4 C:\Users\MPSAM\Documents\WEB Platform\php-8.2.6-Win32-vs16-x64\system\Database\BaseBuilder.php(2309): CodeIgniter\Database\BaseConnection->query('INSERT INTO "mi...', Array, false)
#5 C:\Users\MPSAM\Documents\WEB Platform\php-8.2.6-Win32-vs16-x64\system\Database\MigrationRunner.php(603): CodeIgniter\Database\BaseBuilder->insert(Array)
#6 C:\Users\MPSAM\Documents\WEB Platform\php-8.2.6-Win32-vs16-x64\system\Database\MigrationRunner.php(195): CodeIgniter\Database\MigrationRunner->addHistory(Object(stdClass), 1)
#7 C:\Users\MPSAM\Documents\WEB Platform\php-8.2.6-Win32-vs16-x64\system\Commands\Database\Migrate.php(84): CodeIgniter\Database\MigrationRunner->latest(NULL)
#8 C:\Users\MPSAM\Documents\WEB Platform\php-8.2.6-Win32-vs16-x64\system\CLI\Commands.php(65): CodeIgniter\Commands\Database\Migrate->run(Array)
#9 C:\Users\MPSAM\Documents\WEB Platform\php-8.2.6-Win32-vs16-x64\system\CLI\Console.php(37): CodeIgniter\CLI\Commands->run('migrate', Array)
#10 C:\Users\MPSAM\Documents\WEB Platform\php-8.2.6-Win32-vs16-x64\spark(97): CodeIgniter\CLI\Console->run()
#11 {main}
ERROR - 2023-05-15 10:00:46 --> ErrorException: oci_execute(): ORA-00955: name is already used by an existing object in C:\Users\MPSAM\Documents\WEB Platform\php-8.2.6-Win32-vs16-x64\system\Database\OCI8\Connection.php:199
Stack trace:
#0 [internal function]: CodeIgniter\Debug\Exceptions->errorHandler(2, 'oci_execute(): ...', 'C:\\Users\\MPSAM\\...', 199)
#1 C:\Users\MPSAM\Documents\WEB Platform\php-8.2.6-Win32-vs16-x64\system\Database\OCI8\Connection.php(199): oci_execute(Resource id #207, 32)
#2 C:\Users\MPSAM\Documents\WEB Platform\php-8.2.6-Win32-vs16-x64\system\Database\BaseConnection.php(692): CodeIgniter\Database\OCI8\Connection->execute('CREATE TABLE "A...')
#3 C:\Users\MPSAM\Documents\WEB Platform\php-8.2.6-Win32-vs16-x64\system\Database\BaseConnection.php(606): CodeIgniter\Database\BaseConnection->simpleQuery('CREATE TABLE "A...')
#4 C:\Users\MPSAM\Documents\WEB Platform\php-8.2.6-Win32-vs16-x64\system\Database\Forge.php(546): CodeIgniter\Database\BaseConnection->query('CREATE TABLE "A...')
#5 C:\Users\MPSAM\Documents\WEB Platform\php-8.2.6-Win32-vs16-x64\app\Database\Migrations\2023-05-14-181418_CreateTableAdministratori.php(76): CodeIgniter\Database\Forge->createTable('ADMINISTRATORI')
#6 C:\Users\MPSAM\Documents\WEB Platform\php-8.2.6-Win32-vs16-x64\system\Database\MigrationRunner.php(877): App\Database\Migrations\CreateTableAdministratori->up()
#7 C:\Users\MPSAM\Documents\WEB Platform\php-8.2.6-Win32-vs16-x64\system\Database\MigrationRunner.php(188): CodeIgniter\Database\MigrationRunner->migrate('up', Object(stdClass))
#8 C:\Users\MPSAM\Documents\WEB Platform\php-8.2.6-Win32-vs16-x64\system\Commands\Database\Migrate.php(84): CodeIgniter\Database\MigrationRunner->latest(NULL)
#9 C:\Users\MPSAM\Documents\WEB Platform\php-8.2.6-Win32-vs16-x64\system\CLI\Commands.php(65): CodeIgniter\Commands\Database\Migrate->run(Array)
#10 C:\Users\MPSAM\Documents\WEB Platform\php-8.2.6-Win32-vs16-x64\system\CLI\Console.php(37): CodeIgniter\CLI\Commands->run('migrate', Array)
#11 C:\Users\MPSAM\Documents\WEB Platform\php-8.2.6-Win32-vs16-x64\spark(97): CodeIgniter\CLI\Console->run()
#12 {main}
ERROR - 2023-05-15 10:00:55 --> ErrorException: oci_execute(): ORA-01400: cannot insert NULL into ("MPSAM"."migrations"."id") in C:\Users\MPSAM\Documents\WEB Platform\php-8.2.6-Win32-vs16-x64\system\Database\OCI8\Connection.php:199
Stack trace:
#0 [internal function]: CodeIgniter\Debug\Exceptions->errorHandler(2, 'oci_execute(): ...', 'C:\\Users\\MPSAM\\...', 199)
#1 C:\Users\MPSAM\Documents\WEB Platform\php-8.2.6-Win32-vs16-x64\system\Database\OCI8\Connection.php(199): oci_execute(Resource id #212, 32)
#2 C:\Users\MPSAM\Documents\WEB Platform\php-8.2.6-Win32-vs16-x64\system\Database\BaseConnection.php(692): CodeIgniter\Database\OCI8\Connection->execute('INSERT INTO "mi...')
#3 C:\Users\MPSAM\Documents\WEB Platform\php-8.2.6-Win32-vs16-x64\system\Database\BaseConnection.php(606): CodeIgniter\Database\BaseConnection->simpleQuery('INSERT INTO "mi...')
#4 C:\Users\MPSAM\Documents\WEB Platform\php-8.2.6-Win32-vs16-x64\system\Database\BaseBuilder.php(2309): CodeIgniter\Database\BaseConnection->query('INSERT INTO "mi...', Array, false)
#5 C:\Users\MPSAM\Documents\WEB Platform\php-8.2.6-Win32-vs16-x64\system\Database\MigrationRunner.php(603): CodeIgniter\Database\BaseBuilder->insert(Array)
#6 C:\Users\MPSAM\Documents\WEB Platform\php-8.2.6-Win32-vs16-x64\system\Database\MigrationRunner.php(195): CodeIgniter\Database\MigrationRunner->addHistory(Object(stdClass), 1)
#7 C:\Users\MPSAM\Documents\WEB Platform\php-8.2.6-Win32-vs16-x64\system\Commands\Database\Migrate.php(84): CodeIgniter\Database\MigrationRunner->latest(NULL)
#8 C:\Users\MPSAM\Documents\WEB Platform\php-8.2.6-Win32-vs16-x64\system\CLI\Commands.php(65): CodeIgniter\Commands\Database\Migrate->run(Array)
#9 C:\Users\MPSAM\Documents\WEB Platform\php-8.2.6-Win32-vs16-x64\system\CLI\Console.php(37): CodeIgniter\CLI\Commands->run('migrate', Array)
#10 C:\Users\MPSAM\Documents\WEB Platform\php-8.2.6-Win32-vs16-x64\spark(97): CodeIgniter\CLI\Console->run()
#11 {main}
ERROR - 2023-05-15 10:08:03 --> ErrorException: oci_execute(): ORA-01400: cannot insert NULL into ("MPSAM"."migrations"."id") in C:\Users\MPSAM\Documents\WEB Platform\php-8.2.6-Win32-vs16-x64\system\Database\OCI8\Connection.php:199
Stack trace:
#0 [internal function]: CodeIgniter\Debug\Exceptions->errorHandler(2, 'oci_execute(): ...', 'C:\\Users\\MPSAM\\...', 199)
#1 C:\Users\MPSAM\Documents\WEB Platform\php-8.2.6-Win32-vs16-x64\system\Database\OCI8\Connection.php(199): oci_execute(Resource id #208, 32)
#2 C:\Users\MPSAM\Documents\WEB Platform\php-8.2.6-Win32-vs16-x64\system\Database\BaseConnection.php(693): CodeIgniter\Database\OCI8\Connection->execute('INSERT INTO "mi...')
#3 C:\Users\MPSAM\Documents\WEB Platform\php-8.2.6-Win32-vs16-x64\system\Database\BaseConnection.php(606): CodeIgniter\Database\BaseConnection->simpleQuery('INSERT INTO "mi...')
#4 C:\Users\MPSAM\Documents\WEB Platform\php-8.2.6-Win32-vs16-x64\system\Database\BaseBuilder.php(2309): CodeIgniter\Database\BaseConnection->query('INSERT INTO "mi...', Array, false)
#5 C:\Users\MPSAM\Documents\WEB Platform\php-8.2.6-Win32-vs16-x64\system\Database\MigrationRunner.php(603): CodeIgniter\Database\BaseBuilder->insert(Array)
#6 C:\Users\MPSAM\Documents\WEB Platform\php-8.2.6-Win32-vs16-x64\system\Database\MigrationRunner.php(195): CodeIgniter\Database\MigrationRunner->addHistory(Object(stdClass), 1)
#7 C:\Users\MPSAM\Documents\WEB Platform\php-8.2.6-Win32-vs16-x64\system\Commands\Database\Migrate.php(84): CodeIgniter\Database\MigrationRunner->latest(NULL)
#8 C:\Users\MPSAM\Documents\WEB Platform\php-8.2.6-Win32-vs16-x64\system\CLI\Commands.php(65): CodeIgniter\Commands\Database\Migrate->run(Array)
#9 C:\Users\MPSAM\Documents\WEB Platform\php-8.2.6-Win32-vs16-x64\system\CLI\Console.php(37): CodeIgniter\CLI\Commands->run('migrate', Array)
#10 C:\Users\MPSAM\Documents\WEB Platform\php-8.2.6-Win32-vs16-x64\spark(97): CodeIgniter\CLI\Console->run()
#11 {main}
ERROR - 2023-05-15 10:08:21 --> ErrorException: oci_execute(): ORA-00955: name is already used by an existing object in C:\Users\MPSAM\Documents\WEB Platform\php-8.2.6-Win32-vs16-x64\system\Database\OCI8\Connection.php:199
Stack trace:
#0 [internal function]: CodeIgniter\Debug\Exceptions->errorHandler(2, 'oci_execute(): ...', 'C:\\Users\\MPSAM\\...', 199)
#1 C:\Users\MPSAM\Documents\WEB Platform\php-8.2.6-Win32-vs16-x64\system\Database\OCI8\Connection.php(199): oci_execute(Resource id #205, 32)
#2 C:\Users\MPSAM\Documents\WEB Platform\php-8.2.6-Win32-vs16-x64\system\Database\BaseConnection.php(693): CodeIgniter\Database\OCI8\Connection->execute('CREATE TABLE "A...')
#3 C:\Users\MPSAM\Documents\WEB Platform\php-8.2.6-Win32-vs16-x64\system\Database\BaseConnection.php(606): CodeIgniter\Database\BaseConnection->simpleQuery('CREATE TABLE "A...')
#4 C:\Users\MPSAM\Documents\WEB Platform\php-8.2.6-Win32-vs16-x64\system\Database\Forge.php(546): CodeIgniter\Database\BaseConnection->query('CREATE TABLE "A...')
#5 C:\Users\MPSAM\Documents\WEB Platform\php-8.2.6-Win32-vs16-x64\app\Database\Migrations\2023-05-14-181418_CreateTableAdministratori.php(76): CodeIgniter\Database\Forge->createTable('ADMINISTRATORI')
#6 C:\Users\MPSAM\Documents\WEB Platform\php-8.2.6-Win32-vs16-x64\system\Database\MigrationRunner.php(877): App\Database\Migrations\CreateTableAdministratori->up()
#7 C:\Users\MPSAM\Documents\WEB Platform\php-8.2.6-Win32-vs16-x64\system\Database\MigrationRunner.php(188): CodeIgniter\Database\MigrationRunner->migrate('up', Object(stdClass))
#8 C:\Users\MPSAM\Documents\WEB Platform\php-8.2.6-Win32-vs16-x64\system\Commands\Database\Migrate.php(84): CodeIgniter\Database\MigrationRunner->latest(NULL)
#9 C:\Users\MPSAM\Documents\WEB Platform\php-8.2.6-Win32-vs16-x64\system\CLI\Commands.php(65): CodeIgniter\Commands\Database\Migrate->run(Array)
#10 C:\Users\MPSAM\Documents\WEB Platform\php-8.2.6-Win32-vs16-x64\system\CLI\Console.php(37): CodeIgniter\CLI\Commands->run('migrate', Array)
#11 C:\Users\MPSAM\Documents\WEB Platform\php-8.2.6-Win32-vs16-x64\spark(97): CodeIgniter\CLI\Console->run()
#12 {main}
ERROR - 2023-05-15 10:08:44 --> ErrorException: oci_execute(): ORA-01400: cannot insert NULL into ("MPSAM"."migrations"."id") in C:\Users\MPSAM\Documents\WEB Platform\php-8.2.6-Win32-vs16-x64\system\Database\OCI8\Connection.php:199
Stack trace:
#0 [internal function]: CodeIgniter\Debug\Exceptions->errorHandler(2, 'oci_execute(): ...', 'C:\\Users\\MPSAM\\...', 199)
#1 C:\Users\MPSAM\Documents\WEB Platform\php-8.2.6-Win32-vs16-x64\system\Database\OCI8\Connection.php(199): oci_execute(Resource id #211, 32)
#2 C:\Users\MPSAM\Documents\WEB Platform\php-8.2.6-Win32-vs16-x64\system\Database\BaseConnection.php(693): CodeIgniter\Database\OCI8\Connection->execute('INSERT INTO "mi...')
#3 C:\Users\MPSAM\Documents\WEB Platform\php-8.2.6-Win32-vs16-x64\system\Database\BaseConnection.php(606): CodeIgniter\Database\BaseConnection->simpleQuery('INSERT INTO "mi...')
#4 C:\Users\MPSAM\Documents\WEB Platform\php-8.2.6-Win32-vs16-x64\system\Database\BaseBuilder.php(2309): CodeIgniter\Database\BaseConnection->query('INSERT INTO "mi...', Array, false)
#5 C:\Users\MPSAM\Documents\WEB Platform\php-8.2.6-Win32-vs16-x64\system\Database\MigrationRunner.php(603): CodeIgniter\Database\BaseBuilder->insert(Array)
#6 C:\Users\MPSAM\Documents\WEB Platform\php-8.2.6-Win32-vs16-x64\system\Database\MigrationRunner.php(195): CodeIgniter\Database\MigrationRunner->addHistory(Object(stdClass), 1)
#7 C:\Users\MPSAM\Documents\WEB Platform\php-8.2.6-Win32-vs16-x64\system\Commands\Database\Migrate.php(84): CodeIgniter\Database\MigrationRunner->latest(NULL)
#8 C:\Users\MPSAM\Documents\WEB Platform\php-8.2.6-Win32-vs16-x64\system\CLI\Commands.php(65): CodeIgniter\Commands\Database\Migrate->run(Array)
#9 C:\Users\MPSAM\Documents\WEB Platform\php-8.2.6-Win32-vs16-x64\system\CLI\Console.php(37): CodeIgniter\CLI\Commands->run('migrate', Array)
#10 C:\Users\MPSAM\Documents\WEB Platform\php-8.2.6-Win32-vs16-x64\spark(97): CodeIgniter\CLI\Console->run()
#11 {main}
ERROR - 2023-05-15 10:08:55 --> ErrorException: oci_execute(): ORA-01400: cannot insert NULL into ("MPSAM"."migrations"."id") in C:\Users\MPSAM\Documents\WEB Platform\php-8.2.6-Win32-vs16-x64\system\Database\OCI8\Connection.php:199
Stack trace:
#0 [internal function]: CodeIgniter\Debug\Exceptions->errorHandler(2, 'oci_execute(): ...', 'C:\\Users\\MPSAM\\...', 199)
#1 C:\Users\MPSAM\Documents\WEB Platform\php-8.2.6-Win32-vs16-x64\system\Database\OCI8\Connection.php(199): oci_execute(Resource id #211, 32)
#2 C:\Users\MPSAM\Documents\WEB Platform\php-8.2.6-Win32-vs16-x64\system\Database\BaseConnection.php(693): CodeIgniter\Database\OCI8\Connection->execute('INSERT INTO "mi...')
#3 C:\Users\MPSAM\Documents\WEB Platform\php-8.2.6-Win32-vs16-x64\system\Database\BaseConnection.php(606): CodeIgniter\Database\BaseConnection->simpleQuery('INSERT INTO "mi...')
#4 C:\Users\MPSAM\Documents\WEB Platform\php-8.2.6-Win32-vs16-x64\system\Database\BaseBuilder.php(2309): CodeIgniter\Database\BaseConnection->query('INSERT INTO "mi...', Array, false)
#5 C:\Users\MPSAM\Documents\WEB Platform\php-8.2.6-Win32-vs16-x64\system\Database\MigrationRunner.php(603): CodeIgniter\Database\BaseBuilder->insert(Array)
#6 C:\Users\MPSAM\Documents\WEB Platform\php-8.2.6-Win32-vs16-x64\system\Database\MigrationRunner.php(195): CodeIgniter\Database\MigrationRunner->addHistory(Object(stdClass), 1)
#7 C:\Users\MPSAM\Documents\WEB Platform\php-8.2.6-Win32-vs16-x64\system\Commands\Database\Migrate.php(84): CodeIgniter\Database\MigrationRunner->latest(NULL)
#8 C:\Users\MPSAM\Documents\WEB Platform\php-8.2.6-Win32-vs16-x64\system\CLI\Commands.php(65): CodeIgniter\Commands\Database\Migrate->run(Array)
#9 C:\Users\MPSAM\Documents\WEB Platform\php-8.2.6-Win32-vs16-x64\system\CLI\Console.php(37): CodeIgniter\CLI\Commands->run('migrate', Array)
#10 C:\Users\MPSAM\Documents\WEB Platform\php-8.2.6-Win32-vs16-x64\spark(97): CodeIgniter\CLI\Console->run()
#11 {main}
ERROR - 2023-05-15 10:08:55 --> query is: INSERT INTO "migrations" ("version", "class", "group", "namespace", "time", "batch") VALUES ('2023-05-14-181418', 'App\Database\Migrations\CreateTableAdministratori', 'default', 'App', 1684145335, 1)
ERROR - 2023-05-15 10:20:25 --> ErrorException: oci_execute(): ORA-01400: cannot insert NULL into ("MPSAM"."migrations"."id") in C:\Users\MPSAM\Documents\WEB Platform\php-8.2.6-Win32-vs16-x64\system\Database\OCI8\Connection.php:199
Stack trace:
#0 [internal function]: CodeIgniter\Debug\Exceptions->errorHandler(2, 'oci_execute(): ...', 'C:\\Users\\MPSAM\\...', 199)
#1 C:\Users\MPSAM\Documents\WEB Platform\php-8.2.6-Win32-vs16-x64\system\Database\OCI8\Connection.php(199): oci_execute(Resource id #211, 32)
#2 C:\Users\MPSAM\Documents\WEB Platform\php-8.2.6-Win32-vs16-x64\system\Database\BaseConnection.php(693): CodeIgniter\Database\OCI8\Connection->execute('INSERT INTO "mi...')
#3 C:\Users\MPSAM\Documents\WEB Platform\php-8.2.6-Win32-vs16-x64\system\Database\BaseConnection.php(606): CodeIgniter\Database\BaseConnection->simpleQuery('INSERT INTO "mi...')
#4 C:\Users\MPSAM\Documents\WEB Platform\php-8.2.6-Win32-vs16-x64\system\Database\BaseBuilder.php(2309): CodeIgniter\Database\BaseConnection->query('INSERT INTO "mi...', Array, false)
#5 C:\Users\MPSAM\Documents\WEB Platform\php-8.2.6-Win32-vs16-x64\system\Database\MigrationRunner.php(603): CodeIgniter\Database\BaseBuilder->insert(Array)
#6 C:\Users\MPSAM\Documents\WEB Platform\php-8.2.6-Win32-vs16-x64\system\Database\MigrationRunner.php(195): CodeIgniter\Database\MigrationRunner->addHistory(Object(stdClass), 1)
#7 C:\Users\MPSAM\Documents\WEB Platform\php-8.2.6-Win32-vs16-x64\system\Commands\Database\Migrate.php(84): CodeIgniter\Database\MigrationRunner->latest(NULL)
#8 C:\Users\MPSAM\Documents\WEB Platform\php-8.2.6-Win32-vs16-x64\system\CLI\Commands.php(65): CodeIgniter\Commands\Database\Migrate->run(Array)
#9 C:\Users\MPSAM\Documents\WEB Platform\php-8.2.6-Win32-vs16-x64\system\CLI\Console.php(37): CodeIgniter\CLI\Commands->run('migrate', Array)
#10 C:\Users\MPSAM\Documents\WEB Platform\php-8.2.6-Win32-vs16-x64\spark(97): CodeIgniter\CLI\Console->run()
#11 {main}
ERROR - 2023-05-15 10:20:25 --> query is: INSERT INTO "migrations" ("version", "class", "group", "namespace", "time", "batch") VALUES ('2023-05-15-101931', 'App\Database\Migrations\CreateTableAdministratori', 'default', 'App', 1684146025, 1)
ERROR - 2023-05-15 10:21:27 --> ErrorException: oci_execute(): ORA-01400: cannot insert NULL into ("MPSAM"."migrations"."id") in C:\Users\MPSAM\Documents\WEB Platform\php-8.2.6-Win32-vs16-x64\system\Database\OCI8\Connection.php:199
Stack trace:
#0 [internal function]: CodeIgniter\Debug\Exceptions->errorHandler(2, 'oci_execute(): ...', 'C:\\Users\\MPSAM\\...', 199)
#1 C:\Users\MPSAM\Documents\WEB Platform\php-8.2.6-Win32-vs16-x64\system\Database\OCI8\Connection.php(199): oci_execute(Resource id #211, 32)
#2 C:\Users\MPSAM\Documents\WEB Platform\php-8.2.6-Win32-vs16-x64\system\Database\BaseConnection.php(693): CodeIgniter\Database\OCI8\Connection->execute('INSERT INTO "mi...')
#3 C:\Users\MPSAM\Documents\WEB Platform\php-8.2.6-Win32-vs16-x64\system\Database\BaseConnection.php(606): CodeIgniter\Database\BaseConnection->simpleQuery('INSERT INTO "mi...')
#4 C:\Users\MPSAM\Documents\WEB Platform\php-8.2.6-Win32-vs16-x64\system\Database\BaseBuilder.php(2309): CodeIgniter\Database\BaseConnection->query('INSERT INTO "mi...', Array, false)
#5 C:\Users\MPSAM\Documents\WEB Platform\php-8.2.6-Win32-vs16-x64\system\Database\MigrationRunner.php(603): CodeIgniter\Database\BaseBuilder->insert(Array)
#6 C:\Users\MPSAM\Documents\WEB Platform\php-8.2.6-Win32-vs16-x64\system\Database\MigrationRunner.php(195): CodeIgniter\Database\MigrationRunner->addHistory(Object(stdClass), 1)
#7 C:\Users\MPSAM\Documents\WEB Platform\php-8.2.6-Win32-vs16-x64\system\Commands\Database\Migrate.php(84): CodeIgniter\Database\MigrationRunner->latest(NULL)
#8 C:\Users\MPSAM\Documents\WEB Platform\php-8.2.6-Win32-vs16-x64\system\CLI\Commands.php(65): CodeIgniter\Commands\Database\Migrate->run(Array)
#9 C:\Users\MPSAM\Documents\WEB Platform\php-8.2.6-Win32-vs16-x64\system\CLI\Console.php(37): CodeIgniter\CLI\Commands->run('migrate', Array)
#10 C:\Users\MPSAM\Documents\WEB Platform\php-8.2.6-Win32-vs16-x64\spark(97): CodeIgniter\CLI\Console->run()
#11 {main}
ERROR - 2023-05-15 10:23:20 --> ErrorException: oci_execute(): ORA-01400: cannot insert NULL into ("MPSAM"."migrations"."id") in C:\Users\MPSAM\Documents\WEB Platform\php-8.2.6-Win32-vs16-x64\system\Database\OCI8\Connection.php:199
Stack trace:
#0 [internal function]: CodeIgniter\Debug\Exceptions->errorHandler(2, 'oci_execute(): ...', 'C:\\Users\\MPSAM\\...', 199)
#1 C:\Users\MPSAM\Documents\WEB Platform\php-8.2.6-Win32-vs16-x64\system\Database\OCI8\Connection.php(199): oci_execute(Resource id #211, 32)
#2 C:\Users\MPSAM\Documents\WEB Platform\php-8.2.6-Win32-vs16-x64\system\Database\BaseConnection.php(693): CodeIgniter\Database\OCI8\Connection->execute('INSERT INTO "mi...')
#3 C:\Users\MPSAM\Documents\WEB Platform\php-8.2.6-Win32-vs16-x64\system\Database\BaseConnection.php(606): CodeIgniter\Database\BaseConnection->simpleQuery('INSERT INTO "mi...')
#4 C:\Users\MPSAM\Documents\WEB Platform\php-8.2.6-Win32-vs16-x64\system\Database\BaseBuilder.php(2309): CodeIgniter\Database\BaseConnection->query('INSERT INTO "mi...', Array, false)
#5 C:\Users\MPSAM\Documents\WEB Platform\php-8.2.6-Win32-vs16-x64\system\Database\MigrationRunner.php(603): CodeIgniter\Database\BaseBuilder->insert(Array)
#6 C:\Users\MPSAM\Documents\WEB Platform\php-8.2.6-Win32-vs16-x64\system\Database\MigrationRunner.php(195): CodeIgniter\Database\MigrationRunner->addHistory(Object(stdClass), 1)
#7 C:\Users\MPSAM\Documents\WEB Platform\php-8.2.6-Win32-vs16-x64\system\Commands\Database\Migrate.php(84): CodeIgniter\Database\MigrationRunner->latest(NULL)
#8 C:\Users\MPSAM\Documents\WEB Platform\php-8.2.6-Win32-vs16-x64\system\CLI\Commands.php(65): CodeIgniter\Commands\Database\Migrate->run(Array)
#9 C:\Users\MPSAM\Documents\WEB Platform\php-8.2.6-Win32-vs16-x64\system\CLI\Console.php(37): CodeIgniter\CLI\Commands->run('migrate', Array)
#10 C:\Users\MPSAM\Documents\WEB Platform\php-8.2.6-Win32-vs16-x64\spark(97): CodeIgniter\CLI\Console->run()
#11 {main}
ERROR - 2023-05-15 10:26:10 --> ErrorException: oci_execute(): ORA-00955: name is already used by an existing object in C:\Users\MPSAM\Documents\WEB Platform\php-8.2.6-Win32-vs16-x64\system\Database\OCI8\Connection.php:199
Stack trace:
#0 [internal function]: CodeIgniter\Debug\Exceptions->errorHandler(2, 'oci_execute(): ...', 'C:\\Users\\MPSAM\\...', 199)
#1 C:\Users\MPSAM\Documents\WEB Platform\php-8.2.6-Win32-vs16-x64\system\Database\OCI8\Connection.php(199): oci_execute(Resource id #205, 32)
#2 C:\Users\MPSAM\Documents\WEB Platform\php-8.2.6-Win32-vs16-x64\system\Database\BaseConnection.php(693): CodeIgniter\Database\OCI8\Connection->execute('CREATE TABLE "A...')
#3 C:\Users\MPSAM\Documents\WEB Platform\php-8.2.6-Win32-vs16-x64\system\Database\BaseConnection.php(606): CodeIgniter\Database\BaseConnection->simpleQuery('CREATE TABLE "A...')
#4 C:\Users\MPSAM\Documents\WEB Platform\php-8.2.6-Win32-vs16-x64\system\Database\Forge.php(546): CodeIgniter\Database\BaseConnection->query('CREATE TABLE "A...')
#5 C:\Users\MPSAM\Documents\WEB Platform\php-8.2.6-Win32-vs16-x64\app\Database\Migrations\2023-05-15-101931_Administrator.php(76): CodeIgniter\Database\Forge->createTable('ADMINISTRATORI')
#6 C:\Users\MPSAM\Documents\WEB Platform\php-8.2.6-Win32-vs16-x64\system\Database\MigrationRunner.php(877): App\Database\Migrations\Administratori->up()
#7 C:\Users\MPSAM\Documents\WEB Platform\php-8.2.6-Win32-vs16-x64\system\Database\MigrationRunner.php(188): CodeIgniter\Database\MigrationRunner->migrate('up', Object(stdClass))
#8 C:\Users\MPSAM\Documents\WEB Platform\php-8.2.6-Win32-vs16-x64\system\Commands\Database\Migrate.php(84): CodeIgniter\Database\MigrationRunner->latest(NULL)
#9 C:\Users\MPSAM\Documents\WEB Platform\php-8.2.6-Win32-vs16-x64\system\CLI\Commands.php(65): CodeIgniter\Commands\Database\Migrate->run(Array)
#10 C:\Users\MPSAM\Documents\WEB Platform\php-8.2.6-Win32-vs16-x64\system\CLI\Console.php(37): CodeIgniter\CLI\Commands->run('migrate', Array)
#11 C:\Users\MPSAM\Documents\WEB Platform\php-8.2.6-Win32-vs16-x64\spark(97): CodeIgniter\CLI\Console->run()
#12 {main}
ERROR - 2023-05-15 10:26:29 --> ErrorException: oci_execute(): ORA-01400: cannot insert NULL into ("MPSAM"."migrations"."id") in C:\Users\MPSAM\Documents\WEB Platform\php-8.2.6-Win32-vs16-x64\system\Database\OCI8\Connection.php:199
Stack trace:
#0 [internal function]: CodeIgniter\Debug\Exceptions->errorHandler(2, 'oci_execute(): ...', 'C:\\Users\\MPSAM\\...', 199)
#1 C:\Users\MPSAM\Documents\WEB Platform\php-8.2.6-Win32-vs16-x64\system\Database\OCI8\Connection.php(199): oci_execute(Resource id #211, 32)
#2 C:\Users\MPSAM\Documents\WEB Platform\php-8.2.6-Win32-vs16-x64\system\Database\BaseConnection.php(693): CodeIgniter\Database\OCI8\Connection->execute('INSERT INTO "mi...')
#3 C:\Users\MPSAM\Documents\WEB Platform\php-8.2.6-Win32-vs16-x64\system\Database\BaseConnection.php(606): CodeIgniter\Database\BaseConnection->simpleQuery('INSERT INTO "mi...')
#4 C:\Users\MPSAM\Documents\WEB Platform\php-8.2.6-Win32-vs16-x64\system\Database\BaseBuilder.php(2309): CodeIgniter\Database\BaseConnection->query('INSERT INTO "mi...', Array, false)
#5 C:\Users\MPSAM\Documents\WEB Platform\php-8.2.6-Win32-vs16-x64\system\Database\MigrationRunner.php(603): CodeIgniter\Database\BaseBuilder->insert(Array)
#6 C:\Users\MPSAM\Documents\WEB Platform\php-8.2.6-Win32-vs16-x64\system\Database\MigrationRunner.php(195): CodeIgniter\Database\MigrationRunner->addHistory(Object(stdClass), 1)
#7 C:\Users\MPSAM\Documents\WEB Platform\php-8.2.6-Win32-vs16-x64\system\Commands\Database\Migrate.php(84): CodeIgniter\Database\MigrationRunner->latest(NULL)
#8 C:\Users\MPSAM\Documents\WEB Platform\php-8.2.6-Win32-vs16-x64\system\CLI\Commands.php(65): CodeIgniter\Commands\Database\Migrate->run(Array)
#9 C:\Users\MPSAM\Documents\WEB Platform\php-8.2.6-Win32-vs16-x64\system\CLI\Console.php(37): CodeIgniter\CLI\Commands->run('migrate', Array)
#10 C:\Users\MPSAM\Documents\WEB Platform\php-8.2.6-Win32-vs16-x64\spark(97): CodeIgniter\CLI\Console->run()
#11 {main}
ERROR - 2023-05-15 10:45:02 --> ErrorException: oci_execute(): ORA-01400: cannot insert NULL into ("MPSAM"."migrations"."id") in C:\Users\MPSAM\Documents\WEB Platform\php-8.2.6-Win32-vs16-x64\system\Database\OCI8\Connection.php:199
Stack trace:
#0 [internal function]: CodeIgniter\Debug\Exceptions->errorHandler(2, 'oci_execute(): ...', 'C:\\Users\\MPSAM\\...', 199)
#1 C:\Users\MPSAM\Documents\WEB Platform\php-8.2.6-Win32-vs16-x64\system\Database\OCI8\Connection.php(199): oci_execute(Resource id #213, 32)
#2 C:\Users\MPSAM\Documents\WEB Platform\php-8.2.6-Win32-vs16-x64\system\Database\BaseConnection.php(693): CodeIgniter\Database\OCI8\Connection->execute('INSERT INTO "mi...')
#3 C:\Users\MPSAM\Documents\WEB Platform\php-8.2.6-Win32-vs16-x64\system\Database\BaseConnection.php(606): CodeIgniter\Database\BaseConnection->simpleQuery('INSERT INTO "mi...')
#4 C:\Users\MPSAM\Documents\WEB Platform\php-8.2.6-Win32-vs16-x64\system\Database\BaseBuilder.php(2309): CodeIgniter\Database\BaseConnection->query('INSERT INTO "mi...', Array, false)
#5 C:\Users\MPSAM\Documents\WEB Platform\php-8.2.6-Win32-vs16-x64\system\Database\MigrationRunner.php(603): CodeIgniter\Database\BaseBuilder->insert(Array)
#6 C:\Users\MPSAM\Documents\WEB Platform\php-8.2.6-Win32-vs16-x64\system\Database\MigrationRunner.php(195): CodeIgniter\Database\MigrationRunner->addHistory(Object(stdClass), 1)
#7 C:\Users\MPSAM\Documents\WEB Platform\php-8.2.6-Win32-vs16-x64\system\Commands\Database\Migrate.php(84): CodeIgniter\Database\MigrationRunner->latest(NULL)
#8 C:\Users\MPSAM\Documents\WEB Platform\php-8.2.6-Win32-vs16-x64\system\CLI\Commands.php(65): CodeIgniter\Commands\Database\Migrate->run(Array)
#9 C:\Users\MPSAM\Documents\WEB Platform\php-8.2.6-Win32-vs16-x64\system\CLI\Console.php(37): CodeIgniter\CLI\Commands->run('migrate', Array)
#10 C:\Users\MPSAM\Documents\WEB Platform\php-8.2.6-Win32-vs16-x64\spark(97): CodeIgniter\CLI\Console->run()
#11 {main}
ERROR - 2023-05-15 10:51:25 --> ErrorException: oci_execute(): ORA-01400: cannot insert NULL into ("MPSAM"."migrations"."id") in C:\Users\MPSAM\Documents\WEB Platform\php-8.2.6-Win32-vs16-x64\system\Database\OCI8\Connection.php:199
Stack trace:
#0 [internal function]: CodeIgniter\Debug\Exceptions->errorHandler(2, 'oci_execute(): ...', 'C:\\Users\\MPSAM\\...', 199)
#1 C:\Users\MPSAM\Documents\WEB Platform\php-8.2.6-Win32-vs16-x64\system\Database\OCI8\Connection.php(199): oci_execute(Resource id #213, 32)
#2 C:\Users\MPSAM\Documents\WEB Platform\php-8.2.6-Win32-vs16-x64\system\Database\BaseConnection.php(693): CodeIgniter\Database\OCI8\Connection->execute('INSERT INTO "mi...')
#3 C:\Users\MPSAM\Documents\WEB Platform\php-8.2.6-Win32-vs16-x64\system\Database\BaseConnection.php(606): CodeIgniter\Database\BaseConnection->simpleQuery('INSERT INTO "mi...')
#4 C:\Users\MPSAM\Documents\WEB Platform\php-8.2.6-Win32-vs16-x64\system\Database\BaseBuilder.php(2309): CodeIgniter\Database\BaseConnection->query('INSERT INTO "mi...', Array, false)
#5 C:\Users\MPSAM\Documents\WEB Platform\php-8.2.6-Win32-vs16-x64\system\Database\MigrationRunner.php(603): CodeIgniter\Database\BaseBuilder->insert(Array)
#6 C:\Users\MPSAM\Documents\WEB Platform\php-8.2.6-Win32-vs16-x64\system\Database\MigrationRunner.php(195): CodeIgniter\Database\MigrationRunner->addHistory(Object(stdClass), 1)
#7 C:\Users\MPSAM\Documents\WEB Platform\php-8.2.6-Win32-vs16-x64\system\Commands\Database\Migrate.php(84): CodeIgniter\Database\MigrationRunner->latest(NULL)
#8 C:\Users\MPSAM\Documents\WEB Platform\php-8.2.6-Win32-vs16-x64\system\CLI\Commands.php(65): CodeIgniter\Commands\Database\Migrate->run(Array)
#9 C:\Users\MPSAM\Documents\WEB Platform\php-8.2.6-Win32-vs16-x64\system\CLI\Console.php(37): CodeIgniter\CLI\Commands->run('migrate', Array)
#10 C:\Users\MPSAM\Documents\WEB Platform\php-8.2.6-Win32-vs16-x64\spark(97): CodeIgniter\CLI\Console->run()
#11 {main}
ERROR - 2023-05-15 11:04:37 --> ErrorException: oci_execute(): ORA-00904: "id": invalid identifier in C:\Users\MPSAM\Documents\WEB Platform\php-8.2.6-Win32-vs16-x64\system\Database\OCI8\Connection.php:199
Stack trace:
#0 [internal function]: CodeIgniter\Debug\Exceptions->errorHandler(2, 'oci_execute(): ...', 'C:\\Users\\MPSAM\\...', 199)
#1 C:\Users\MPSAM\Documents\WEB Platform\php-8.2.6-Win32-vs16-x64\system\Database\OCI8\Connection.php(199): oci_execute(Resource id #199, 32)
#2 C:\Users\MPSAM\Documents\WEB Platform\php-8.2.6-Win32-vs16-x64\system\Database\BaseConnection.php(693): CodeIgniter\Database\OCI8\Connection->execute('SELECT *\nFROM "...')
#3 C:\Users\MPSAM\Documents\WEB Platform\php-8.2.6-Win32-vs16-x64\system\Database\BaseConnection.php(606): CodeIgniter\Database\BaseConnection->simpleQuery('SELECT *\nFROM "...')
#4 C:\Users\MPSAM\Documents\WEB Platform\php-8.2.6-Win32-vs16-x64\system\Database\BaseBuilder.php(1616): CodeIgniter\Database\BaseConnection->query('SELECT *\nFROM "...', Array, false)
#5 C:\Users\MPSAM\Documents\WEB Platform\php-8.2.6-Win32-vs16-x64\system\Database\MigrationRunner.php(662): CodeIgniter\Database\BaseBuilder->get()
#6 C:\Users\MPSAM\Documents\WEB Platform\php-8.2.6-Win32-vs16-x64\system\Database\MigrationRunner.php(181): CodeIgniter\Database\MigrationRunner->getHistory('')
#7 C:\Users\MPSAM\Documents\WEB Platform\php-8.2.6-Win32-vs16-x64\system\Commands\Database\Migrate.php(84): CodeIgniter\Database\MigrationRunner->latest(NULL)
#8 C:\Users\MPSAM\Documents\WEB Platform\php-8.2.6-Win32-vs16-x64\system\CLI\Commands.php(65): CodeIgniter\Commands\Database\Migrate->run(Array)
#9 C:\Users\MPSAM\Documents\WEB Platform\php-8.2.6-Win32-vs16-x64\system\CLI\Console.php(37): CodeIgniter\CLI\Commands->run('migrate', Array)
#10 C:\Users\MPSAM\Documents\WEB Platform\php-8.2.6-Win32-vs16-x64\spark(97): CodeIgniter\CLI\Console->run()
#11 {main}
ERROR - 2023-05-15 11:38:28 --> ErrorException: oci_execute(): ORA-01400: cannot insert NULL into ("MPSAM"."migrations"."id") in C:\Users\MPSAM\Documents\WEB Platform\php-8.2.6-Win32-vs16-x64\system\Database\OCI8\Connection.php:199
Stack trace:
#0 [internal function]: CodeIgniter\Debug\Exceptions->errorHandler(2, 'oci_execute(): ...', 'C:\\Users\\MPSAM\\...', 199)
#1 C:\Users\MPSAM\Documents\WEB Platform\php-8.2.6-Win32-vs16-x64\system\Database\OCI8\Connection.php(199): oci_execute(Resource id #213, 32)
#2 C:\Users\MPSAM\Documents\WEB Platform\php-8.2.6-Win32-vs16-x64\system\Database\BaseConnection.php(693): CodeIgniter\Database\OCI8\Connection->execute('INSERT INTO "mi...')
#3 C:\Users\MPSAM\Documents\WEB Platform\php-8.2.6-Win32-vs16-x64\system\Database\BaseConnection.php(606): CodeIgniter\Database\BaseConnection->simpleQuery('INSERT INTO "mi...')
#4 C:\Users\MPSAM\Documents\WEB Platform\php-8.2.6-Win32-vs16-x64\system\Database\BaseBuilder.php(2309): CodeIgniter\Database\BaseConnection->query('INSERT INTO "mi...', Array, false)
#5 C:\Users\MPSAM\Documents\WEB Platform\php-8.2.6-Win32-vs16-x64\system\Database\MigrationRunner.php(603): CodeIgniter\Database\BaseBuilder->insert(Array)
#6 C:\Users\MPSAM\Documents\WEB Platform\php-8.2.6-Win32-vs16-x64\system\Database\MigrationRunner.php(195): CodeIgniter\Database\MigrationRunner->addHistory(Object(stdClass), 1)
#7 C:\Users\MPSAM\Documents\WEB Platform\php-8.2.6-Win32-vs16-x64\system\Commands\Database\Migrate.php(84): CodeIgniter\Database\MigrationRunner->latest(NULL)
#8 C:\Users\MPSAM\Documents\WEB Platform\php-8.2.6-Win32-vs16-x64\system\CLI\Commands.php(65): CodeIgniter\Commands\Database\Migrate->run(Array)
#9 C:\Users\MPSAM\Documents\WEB Platform\php-8.2.6-Win32-vs16-x64\system\CLI\Console.php(37): CodeIgniter\CLI\Commands->run('migrate', Array)
#10 C:\Users\MPSAM\Documents\WEB Platform\php-8.2.6-Win32-vs16-x64\spark(97): CodeIgniter\CLI\Console->run()
#11 {main}
ERROR - 2023-05-15 11:54:27 --> ErrorException: oci_execute(): ORA-00902: invalid datatype in C:\Users\MPSAM\Documents\WEB Platform\php-8.2.6-Win32-vs16-x64\system\Database\OCI8\Connection.php:199
Stack trace:
#0 [internal function]: CodeIgniter\Debug\Exceptions->errorHandler(2, 'oci_execute(): ...', 'C:\\Users\\MPSAM\\...', 199)
#1 C:\Users\MPSAM\Documents\WEB Platform\php-8.2.6-Win32-vs16-x64\system\Database\OCI8\Connection.php(199): oci_execute(Resource id #207, 32)
#2 C:\Users\MPSAM\Documents\WEB Platform\php-8.2.6-Win32-vs16-x64\system\Database\BaseConnection.php(693): CodeIgniter\Database\OCI8\Connection->execute('CREATE TABLE "A...')
#3 C:\Users\MPSAM\Documents\WEB Platform\php-8.2.6-Win32-vs16-x64\system\Database\BaseConnection.php(606): CodeIgniter\Database\BaseConnection->simpleQuery('CREATE TABLE "A...')
#4 C:\Users\MPSAM\Documents\WEB Platform\php-8.2.6-Win32-vs16-x64\system\Database\Forge.php(546): CodeIgniter\Database\BaseConnection->query('CREATE TABLE "A...')
#5 C:\Users\MPSAM\Documents\WEB Platform\php-8.2.6-Win32-vs16-x64\app\Database\Migrations\2023-05-14-181418_CreateTableAdministratori.php(76): CodeIgniter\Database\Forge->createTable('ADMINISTRATORI')
#6 C:\Users\MPSAM\Documents\WEB Platform\php-8.2.6-Win32-vs16-x64\system\Database\MigrationRunner.php(877): App\Database\Migrations\CreateTableAdministratori->up()
#7 C:\Users\MPSAM\Documents\WEB Platform\php-8.2.6-Win32-vs16-x64\system\Database\MigrationRunner.php(188): CodeIgniter\Database\MigrationRunner->migrate('up', Object(stdClass))
#8 C:\Users\MPSAM\Documents\WEB Platform\php-8.2.6-Win32-vs16-x64\system\Commands\Database\Migrate.php(84): CodeIgniter\Database\MigrationRunner->latest(NULL)
#9 C:\Users\MPSAM\Documents\WEB Platform\php-8.2.6-Win32-vs16-x64\system\CLI\Commands.php(65): CodeIgniter\Commands\Database\Migrate->run(Array)
#10 C:\Users\MPSAM\Documents\WEB Platform\php-8.2.6-Win32-vs16-x64\system\CLI\Console.php(37): CodeIgniter\CLI\Commands->run('migrate', Array)
#11 C:\Users\MPSAM\Documents\WEB Platform\php-8.2.6-Win32-vs16-x64\spark(97): CodeIgniter\CLI\Console->run()
#12 {main}
ERROR - 2023-05-15 11:54:39 --> ErrorException: oci_execute(): ORA-00955: name is already used by an existing object in C:\Users\MPSAM\Documents\WEB Platform\php-8.2.6-Win32-vs16-x64\system\Database\OCI8\Connection.php:199
Stack trace:
#0 [internal function]: CodeIgniter\Debug\Exceptions->errorHandler(2, 'oci_execute(): ...', 'C:\\Users\\MPSAM\\...', 199)
#1 C:\Users\MPSAM\Documents\WEB Platform\php-8.2.6-Win32-vs16-x64\system\Database\OCI8\Connection.php(199): oci_execute(Resource id #207, 32)
#2 C:\Users\MPSAM\Documents\WEB Platform\php-8.2.6-Win32-vs16-x64\system\Database\BaseConnection.php(693): CodeIgniter\Database\OCI8\Connection->execute('CREATE TABLE "A...')
#3 C:\Users\MPSAM\Documents\WEB Platform\php-8.2.6-Win32-vs16-x64\system\Database\BaseConnection.php(606): CodeIgniter\Database\BaseConnection->simpleQuery('CREATE TABLE "A...')
#4 C:\Users\MPSAM\Documents\WEB Platform\php-8.2.6-Win32-vs16-x64\system\Database\Forge.php(546): CodeIgniter\Database\BaseConnection->query('CREATE TABLE "A...')
#5 C:\Users\MPSAM\Documents\WEB Platform\php-8.2.6-Win32-vs16-x64\app\Database\Migrations\2023-05-14-181418_CreateTableAdministratori.php(76): CodeIgniter\Database\Forge->createTable('ADMINISTRATORI')
#6 C:\Users\MPSAM\Documents\WEB Platform\php-8.2.6-Win32-vs16-x64\system\Database\MigrationRunner.php(877): App\Database\Migrations\CreateTableAdministratori->up()
#7 C:\Users\MPSAM\Documents\WEB Platform\php-8.2.6-Win32-vs16-x64\system\Database\MigrationRunner.php(188): CodeIgniter\Database\MigrationRunner->migrate('up', Object(stdClass))
#8 C:\Users\MPSAM\Documents\WEB Platform\php-8.2.6-Win32-vs16-x64\system\Commands\Database\Migrate.php(84): CodeIgniter\Database\MigrationRunner->latest(NULL)
#9 C:\Users\MPSAM\Documents\WEB Platform\php-8.2.6-Win32-vs16-x64\system\CLI\Commands.php(65): CodeIgniter\Commands\Database\Migrate->run(Array)
#10 C:\Users\MPSAM\Documents\WEB Platform\php-8.2.6-Win32-vs16-x64\system\CLI\Console.php(37): CodeIgniter\CLI\Commands->run('migrate', Array)
#11 C:\Users\MPSAM\Documents\WEB Platform\php-8.2.6-Win32-vs16-x64\spark(97): CodeIgniter\CLI\Console->run()
#12 {main}
ERROR - 2023-05-15 12:45:54 --> ErrorException: oci_execute(): ORA-01400: cannot insert NULL into (&quot;MPSAM&quot;.&quot;PACIENTI&quot;.&quot;id&quot;) in C:\Users\MPSAM\Documents\WEB Platform\php-8.2.6-Win32-vs16-x64\system\Database\OCI8\Connection.php:199
Stack trace:
#0 [internal function]: CodeIgniter\Debug\Exceptions->errorHandler(2, 'oci_execute(): ...', 'C:\\Users\\MPSAM\\...', 199)
#1 C:\Users\MPSAM\Documents\WEB Platform\php-8.2.6-Win32-vs16-x64\system\Database\OCI8\Connection.php(199): oci_execute(Resource id #111, 32)
#2 C:\Users\MPSAM\Documents\WEB Platform\php-8.2.6-Win32-vs16-x64\system\Database\BaseConnection.php(693): CodeIgniter\Database\OCI8\Connection->execute('INSERT INTO "PA...')
#3 C:\Users\MPSAM\Documents\WEB Platform\php-8.2.6-Win32-vs16-x64\system\Database\BaseConnection.php(606): CodeIgniter\Database\BaseConnection->simpleQuery('INSERT INTO "PA...')
#4 C:\Users\MPSAM\Documents\WEB Platform\php-8.2.6-Win32-vs16-x64\system\Database\BaseBuilder.php(2309): CodeIgniter\Database\BaseConnection->query('INSERT INTO "PA...', Array, false)
#5 C:\Users\MPSAM\Documents\WEB Platform\php-8.2.6-Win32-vs16-x64\system\Model.php(330): CodeIgniter\Database\BaseBuilder->insert()
#6 C:\Users\MPSAM\Documents\WEB Platform\php-8.2.6-Win32-vs16-x64\system\BaseModel.php(782): CodeIgniter\Model->doInsert(Array)
#7 C:\Users\MPSAM\Documents\WEB Platform\php-8.2.6-Win32-vs16-x64\system\Model.php(730): CodeIgniter\BaseModel->insert(Array, true)
#8 C:\Users\MPSAM\Documents\WEB Platform\php-8.2.6-Win32-vs16-x64\app\Controllers\Home.php(17): CodeIgniter\Model->insert(Array)
#9 C:\Users\MPSAM\Documents\WEB Platform\php-8.2.6-Win32-vs16-x64\system\CodeIgniter.php(934): App\Controllers\Home->index()
#10 C:\Users\MPSAM\Documents\WEB Platform\php-8.2.6-Win32-vs16-x64\system\CodeIgniter.php(499): CodeIgniter\CodeIgniter->runController(Object(App\Controllers\Home))
#11 C:\Users\MPSAM\Documents\WEB Platform\php-8.2.6-Win32-vs16-x64\system\CodeIgniter.php(368): CodeIgniter\CodeIgniter->handleRequest(NULL, Object(Config\Cache), false)
#12 C:\Users\MPSAM\Documents\WEB Platform\php-8.2.6-Win32-vs16-x64\public\index.php(67): CodeIgniter\CodeIgniter->run()
#13 {main}
CRITICAL - 2023-05-15 12:45:54 --> oci_execute(): ORA-01400: cannot insert NULL into (&quot;MPSAM&quot;.&quot;PACIENTI&quot;.&quot;id&quot;)
in SYSTEMPATH\Database\OCI8\Connection.php on line 199.
 1 [internal function]: CodeIgniter\Debug\Exceptions->errorHandler(2, 'oci_execute(): ORA-01400: cannot insert NULL into (&quot;MPSAM&quot;.&quot;PACIENTI&quot;.&quot;id&quot;)', 'C:\\Users\\MPSAM\\Documents\\WEB Platform\\php-8.2.6-Win32-vs16-x64\\system\\Database\\OCI8\\Connection.php', 199)
 2 SYSTEMPATH\Database\OCI8\Connection.php(199): oci_execute(resource (oci8 statement), 32)
 3 SYSTEMPATH\Database\BaseConnection.php(693): CodeIgniter\Database\OCI8\Connection->execute('INSERT INTO "PACIENTI" ("email") VALUES (\'d.vader@theempire.com\')')
 4 SYSTEMPATH\Database\BaseConnection.php(606): CodeIgniter\Database\BaseConnection->simpleQuery('INSERT INTO "PACIENTI" ("email") VALUES (\'d.vader@theempire.com\')')
 5 SYSTEMPATH\Database\BaseBuilder.php(2309): CodeIgniter\Database\BaseConnection->query('INSERT INTO "PACIENTI" ("email") VALUES (:email:)', [...], false)
 6 SYSTEMPATH\Model.php(330): CodeIgniter\Database\BaseBuilder->insert()
 7 SYSTEMPATH\BaseModel.php(782): CodeIgniter\Model->doInsert([...])
 8 SYSTEMPATH\Model.php(730): CodeIgniter\BaseModel->insert([...], true)
 9 APPPATH\Controllers\Home.php(17): CodeIgniter\Model->insert([...])
10 SYSTEMPATH\CodeIgniter.php(934): App\Controllers\Home->index()
11 SYSTEMPATH\CodeIgniter.php(499): CodeIgniter\CodeIgniter->runController(Object(App\Controllers\Home))
12 SYSTEMPATH\CodeIgniter.php(368): CodeIgniter\CodeIgniter->handleRequest(null, Object(Config\Cache), false)
13 FCPATH\index.php(67): CodeIgniter\CodeIgniter->run()
ERROR - 2023-05-15 13:03:21 --> ErrorException: oci_execute(): ORA-01400: cannot insert NULL into (&quot;MPSAM&quot;.&quot;ADMINISTRATORI&quot;.&quot;id&quot;) in C:\Users\MPSAM\Documents\WEB Platform\php-8.2.6-Win32-vs16-x64\system\Database\OCI8\Connection.php:199
Stack trace:
#0 [internal function]: CodeIgniter\Debug\Exceptions->errorHandler(2, 'oci_execute(): ...', 'C:\\Users\\MPSAM\\...', 199)
#1 C:\Users\MPSAM\Documents\WEB Platform\php-8.2.6-Win32-vs16-x64\system\Database\OCI8\Connection.php(199): oci_execute(Resource id #111, 32)
#2 C:\Users\MPSAM\Documents\WEB Platform\php-8.2.6-Win32-vs16-x64\system\Database\BaseConnection.php(693): CodeIgniter\Database\OCI8\Connection->execute('INSERT INTO "AD...')
#3 C:\Users\MPSAM\Documents\WEB Platform\php-8.2.6-Win32-vs16-x64\system\Database\BaseConnection.php(606): CodeIgniter\Database\BaseConnection->simpleQuery('INSERT INTO "AD...')
#4 C:\Users\MPSAM\Documents\WEB Platform\php-8.2.6-Win32-vs16-x64\system\Database\BaseBuilder.php(2309): CodeIgniter\Database\BaseConnection->query('INSERT INTO "AD...', Array, false)
#5 C:\Users\MPSAM\Documents\WEB Platform\php-8.2.6-Win32-vs16-x64\system\Model.php(330): CodeIgniter\Database\BaseBuilder->insert()
#6 C:\Users\MPSAM\Documents\WEB Platform\php-8.2.6-Win32-vs16-x64\system\BaseModel.php(782): CodeIgniter\Model->doInsert(Array)
#7 C:\Users\MPSAM\Documents\WEB Platform\php-8.2.6-Win32-vs16-x64\system\Model.php(730): CodeIgniter\BaseModel->insert(Array, true)
#8 C:\Users\MPSAM\Documents\WEB Platform\php-8.2.6-Win32-vs16-x64\app\Controllers\Home.php(35): CodeIgniter\Model->insert(Array)
#9 C:\Users\MPSAM\Documents\WEB Platform\php-8.2.6-Win32-vs16-x64\system\CodeIgniter.php(934): App\Controllers\Home->index()
#10 C:\Users\MPSAM\Documents\WEB Platform\php-8.2.6-Win32-vs16-x64\system\CodeIgniter.php(499): CodeIgniter\CodeIgniter->runController(Object(App\Controllers\Home))
#11 C:\Users\MPSAM\Documents\WEB Platform\php-8.2.6-Win32-vs16-x64\system\CodeIgniter.php(368): CodeIgniter\CodeIgniter->handleRequest(NULL, Object(Config\Cache), false)
#12 C:\Users\MPSAM\Documents\WEB Platform\php-8.2.6-Win32-vs16-x64\public\index.php(67): CodeIgniter\CodeIgniter->run()
#13 {main}
CRITICAL - 2023-05-15 13:03:21 --> oci_execute(): ORA-01400: cannot insert NULL into (&quot;MPSAM&quot;.&quot;ADMINISTRATORI&quot;.&quot;id&quot;)
in SYSTEMPATH\Database\OCI8\Connection.php on line 199.
 1 [internal function]: CodeIgniter\Debug\Exceptions->errorHandler(2, 'oci_execute(): ORA-01400: cannot insert NULL into (&quot;MPSAM&quot;.&quot;ADMINISTRATORI&quot;.&quot;id&quot;)', 'C:\\Users\\MPSAM\\Documents\\WEB Platform\\php-8.2.6-Win32-vs16-x64\\system\\Database\\OCI8\\Connection.php', 199)
 2 SYSTEMPATH\Database\OCI8\Connection.php(199): oci_execute(resource (oci8 statement), 32)
 3 SYSTEMPATH\Database\BaseConnection.php(693): CodeIgniter\Database\OCI8\Connection->execute('INSERT INTO "ADMINISTRATORI" ("parola", "nume", "prenume", "cnp", "localitate", "judet", "strada", "bloc", "scara") VALUES (\'5994471abb01112afcc18159f6cc74b4f511b99806da59b3caf5a9c173cacfc5\', \'nume0\', \'prenume0\', \'cnp0\', \'localitate0\', \'judet0\', \'strada0\', \'bloc0\', \'scara0\')')
 4 SYSTEMPATH\Database\BaseConnection.php(606): CodeIgniter\Database\BaseConnection->simpleQuery('INSERT INTO "ADMINISTRATORI" ("parola", "nume", "prenume", "cnp", "localitate", "judet", "strada", "bloc", "scara") VALUES (\'5994471abb01112afcc18159f6cc74b4f511b99806da59b3caf5a9c173cacfc5\', \'nume0\', \'prenume0\', \'cnp0\', \'localitate0\', \'judet0\', \'strada0\', \'bloc0\', \'scara0\')')
 5 SYSTEMPATH\Database\BaseBuilder.php(2309): CodeIgniter\Database\BaseConnection->query('INSERT INTO "ADMINISTRATORI" ("parola", "nume", "prenume", "cnp", "localitate", "judet", "strada", "bloc", "scara") VALUES (:parola:, :nume:, :prenume:, :cnp:, :localitate:, :judet:, :strada:, :bloc:, :scara:)', [...], false)
 6 SYSTEMPATH\Model.php(330): CodeIgniter\Database\BaseBuilder->insert()
 7 SYSTEMPATH\BaseModel.php(782): CodeIgniter\Model->doInsert([...])
 8 SYSTEMPATH\Model.php(730): CodeIgniter\BaseModel->insert([...], true)
 9 APPPATH\Controllers\Home.php(35): CodeIgniter\Model->insert([...])
10 SYSTEMPATH\CodeIgniter.php(934): App\Controllers\Home->index()
11 SYSTEMPATH\CodeIgniter.php(499): CodeIgniter\CodeIgniter->runController(Object(App\Controllers\Home))
12 SYSTEMPATH\CodeIgniter.php(368): CodeIgniter\CodeIgniter->handleRequest(null, Object(Config\Cache), false)
13 FCPATH\index.php(67): CodeIgniter\CodeIgniter->run()
ERROR - 2023-05-15 13:04:02 --> ErrorException: oci_execute(): ORA-01400: cannot insert NULL into (&quot;MPSAM&quot;.&quot;ADMINISTRATORI&quot;.&quot;id&quot;) in C:\Users\MPSAM\Documents\WEB Platform\php-8.2.6-Win32-vs16-x64\system\Database\OCI8\Connection.php:199
Stack trace:
#0 [internal function]: CodeIgniter\Debug\Exceptions->errorHandler(2, 'oci_execute(): ...', 'C:\\Users\\MPSAM\\...', 199)
#1 C:\Users\MPSAM\Documents\WEB Platform\php-8.2.6-Win32-vs16-x64\system\Database\OCI8\Connection.php(199): oci_execute(Resource id #111, 32)
#2 C:\Users\MPSAM\Documents\WEB Platform\php-8.2.6-Win32-vs16-x64\system\Database\BaseConnection.php(693): CodeIgniter\Database\OCI8\Connection->execute('INSERT INTO "AD...')
#3 C:\Users\MPSAM\Documents\WEB Platform\php-8.2.6-Win32-vs16-x64\system\Database\BaseConnection.php(606): CodeIgniter\Database\BaseConnection->simpleQuery('INSERT INTO "AD...')
#4 C:\Users\MPSAM\Documents\WEB Platform\php-8.2.6-Win32-vs16-x64\system\Database\BaseBuilder.php(2309): CodeIgniter\Database\BaseConnection->query('INSERT INTO "AD...', Array, false)
#5 C:\Users\MPSAM\Documents\WEB Platform\php-8.2.6-Win32-vs16-x64\system\Model.php(330): CodeIgniter\Database\BaseBuilder->insert()
#6 C:\Users\MPSAM\Documents\WEB Platform\php-8.2.6-Win32-vs16-x64\system\BaseModel.php(782): CodeIgniter\Model->doInsert(Array)
#7 C:\Users\MPSAM\Documents\WEB Platform\php-8.2.6-Win32-vs16-x64\system\Model.php(730): CodeIgniter\BaseModel->insert(Array, true)
#8 C:\Users\MPSAM\Documents\WEB Platform\php-8.2.6-Win32-vs16-x64\app\Controllers\Home.php(36): CodeIgniter\Model->insert(Array)
#9 C:\Users\MPSAM\Documents\WEB Platform\php-8.2.6-Win32-vs16-x64\system\CodeIgniter.php(934): App\Controllers\Home->index()
#10 C:\Users\MPSAM\Documents\WEB Platform\php-8.2.6-Win32-vs16-x64\system\CodeIgniter.php(499): CodeIgniter\CodeIgniter->runController(Object(App\Controllers\Home))
#11 C:\Users\MPSAM\Documents\WEB Platform\php-8.2.6-Win32-vs16-x64\system\CodeIgniter.php(368): CodeIgniter\CodeIgniter->handleRequest(NULL, Object(Config\Cache), false)
#12 C:\Users\MPSAM\Documents\WEB Platform\php-8.2.6-Win32-vs16-x64\public\index.php(67): CodeIgniter\CodeIgniter->run()
#13 {main}
CRITICAL - 2023-05-15 13:04:02 --> oci_execute(): ORA-01400: cannot insert NULL into (&quot;MPSAM&quot;.&quot;ADMINISTRATORI&quot;.&quot;id&quot;)
in SYSTEMPATH\Database\OCI8\Connection.php on line 199.
 1 [internal function]: CodeIgniter\Debug\Exceptions->errorHandler(2, 'oci_execute(): ORA-01400: cannot insert NULL into (&quot;MPSAM&quot;.&quot;ADMINISTRATORI&quot;.&quot;id&quot;)', 'C:\\Users\\MPSAM\\Documents\\WEB Platform\\php-8.2.6-Win32-vs16-x64\\system\\Database\\OCI8\\Connection.php', 199)
 2 SYSTEMPATH\Database\OCI8\Connection.php(199): oci_execute(resource (oci8 statement), 32)
 3 SYSTEMPATH\Database\BaseConnection.php(693): CodeIgniter\Database\OCI8\Connection->execute('INSERT INTO "ADMINISTRATORI" ("parola", "nume", "prenume", "cnp", "localitate", "judet", "strada", "bloc", "scara") VALUES (\'5994471abb01112afcc18159f6cc74b4f511b99806da59b3caf5a9c173cacfc5\', \'nume0\', \'prenume0\', \'cnp0\', \'localitate0\', \'judet0\', \'strada0\', \'bloc0\', \'scara0\')')
 4 SYSTEMPATH\Database\BaseConnection.php(606): CodeIgniter\Database\BaseConnection->simpleQuery('INSERT INTO "ADMINISTRATORI" ("parola", "nume", "prenume", "cnp", "localitate", "judet", "strada", "bloc", "scara") VALUES (\'5994471abb01112afcc18159f6cc74b4f511b99806da59b3caf5a9c173cacfc5\', \'nume0\', \'prenume0\', \'cnp0\', \'localitate0\', \'judet0\', \'strada0\', \'bloc0\', \'scara0\')')
 5 SYSTEMPATH\Database\BaseBuilder.php(2309): CodeIgniter\Database\BaseConnection->query('INSERT INTO "ADMINISTRATORI" ("parola", "nume", "prenume", "cnp", "localitate", "judet", "strada", "bloc", "scara") VALUES (:parola:, :nume:, :prenume:, :cnp:, :localitate:, :judet:, :strada:, :bloc:, :scara:)', [...], false)
 6 SYSTEMPATH\Model.php(330): CodeIgniter\Database\BaseBuilder->insert()
 7 SYSTEMPATH\BaseModel.php(782): CodeIgniter\Model->doInsert([...])
 8 SYSTEMPATH\Model.php(730): CodeIgniter\BaseModel->insert([...], true)
 9 APPPATH\Controllers\Home.php(36): CodeIgniter\Model->insert([...])
10 SYSTEMPATH\CodeIgniter.php(934): App\Controllers\Home->index()
11 SYSTEMPATH\CodeIgniter.php(499): CodeIgniter\CodeIgniter->runController(Object(App\Controllers\Home))
12 SYSTEMPATH\CodeIgniter.php(368): CodeIgniter\CodeIgniter->handleRequest(null, Object(Config\Cache), false)
13 FCPATH\index.php(67): CodeIgniter\CodeIgniter->run()
ERROR - 2023-05-15 13:20:35 --> ErrorException: oci_execute(): ORA-01400: cannot insert NULL into (&quot;MPSAM&quot;.&quot;ADMINISTRATORI&quot;.&quot;etaj&quot;) in C:\Users\MPSAM\Documents\WEB Platform\php-8.2.6-Win32-vs16-x64\system\Database\OCI8\Connection.php:199
Stack trace:
#0 [internal function]: CodeIgniter\Debug\Exceptions->errorHandler(2, 'oci_execute(): ...', 'C:\\Users\\MPSAM\\...', 199)
#1 C:\Users\MPSAM\Documents\WEB Platform\php-8.2.6-Win32-vs16-x64\system\Database\OCI8\Connection.php(199): oci_execute(Resource id #111, 32)
#2 C:\Users\MPSAM\Documents\WEB Platform\php-8.2.6-Win32-vs16-x64\system\Database\BaseConnection.php(693): CodeIgniter\Database\OCI8\Connection->execute('INSERT INTO "AD...')
#3 C:\Users\MPSAM\Documents\WEB Platform\php-8.2.6-Win32-vs16-x64\system\Database\BaseConnection.php(606): CodeIgniter\Database\BaseConnection->simpleQuery('INSERT INTO "AD...')
#4 C:\Users\MPSAM\Documents\WEB Platform\php-8.2.6-Win32-vs16-x64\system\Database\BaseBuilder.php(2309): CodeIgniter\Database\BaseConnection->query('INSERT INTO "AD...', Array, false)
#5 C:\Users\MPSAM\Documents\WEB Platform\php-8.2.6-Win32-vs16-x64\system\Model.php(330): CodeIgniter\Database\BaseBuilder->insert()
#6 C:\Users\MPSAM\Documents\WEB Platform\php-8.2.6-Win32-vs16-x64\system\BaseModel.php(782): CodeIgniter\Model->doInsert(Array)
#7 C:\Users\MPSAM\Documents\WEB Platform\php-8.2.6-Win32-vs16-x64\system\Model.php(730): CodeIgniter\BaseModel->insert(Array, true)
#8 C:\Users\MPSAM\Documents\WEB Platform\php-8.2.6-Win32-vs16-x64\app\Controllers\Home.php(36): CodeIgniter\Model->insert(Array)
#9 C:\Users\MPSAM\Documents\WEB Platform\php-8.2.6-Win32-vs16-x64\system\CodeIgniter.php(934): App\Controllers\Home->index()
#10 C:\Users\MPSAM\Documents\WEB Platform\php-8.2.6-Win32-vs16-x64\system\CodeIgniter.php(499): CodeIgniter\CodeIgniter->runController(Object(App\Controllers\Home))
#11 C:\Users\MPSAM\Documents\WEB Platform\php-8.2.6-Win32-vs16-x64\system\CodeIgniter.php(368): CodeIgniter\CodeIgniter->handleRequest(NULL, Object(Config\Cache), false)
#12 C:\Users\MPSAM\Documents\WEB Platform\php-8.2.6-Win32-vs16-x64\public\index.php(67): CodeIgniter\CodeIgniter->run()
#13 {main}
CRITICAL - 2023-05-15 13:20:35 --> oci_execute(): ORA-01400: cannot insert NULL into (&quot;MPSAM&quot;.&quot;ADMINISTRATORI&quot;.&quot;etaj&quot;)
in SYSTEMPATH\Database\OCI8\Connection.php on line 199.
 1 [internal function]: CodeIgniter\Debug\Exceptions->errorHandler(2, 'oci_execute(): ORA-01400: cannot insert NULL into (&quot;MPSAM&quot;.&quot;ADMINISTRATORI&quot;.&quot;etaj&quot;)', 'C:\\Users\\MPSAM\\Documents\\WEB Platform\\php-8.2.6-Win32-vs16-x64\\system\\Database\\OCI8\\Connection.php', 199)
 2 SYSTEMPATH\Database\OCI8\Connection.php(199): oci_execute(resource (oci8 statement), 32)
 3 SYSTEMPATH\Database\BaseConnection.php(693): CodeIgniter\Database\OCI8\Connection->execute('INSERT INTO "ADMINISTRATORI" ("id", "parola", "nume", "prenume", "cnp", "localitate", "judet", "strada", "bloc", "scara") VALUES (0, \'5994471abb01112afcc18159f6cc74b4f511b99806da59b3caf5a9c173cacfc5\', \'nume0\', \'prenume0\', \'cnp0\', \'localitate0\', \'judet0\', \'strada0\', \'bloc0\', \'scara0\')')
 4 SYSTEMPATH\Database\BaseConnection.php(606): CodeIgniter\Database\BaseConnection->simpleQuery('INSERT INTO "ADMINISTRATORI" ("id", "parola", "nume", "prenume", "cnp", "localitate", "judet", "strada", "bloc", "scara") VALUES (0, \'5994471abb01112afcc18159f6cc74b4f511b99806da59b3caf5a9c173cacfc5\', \'nume0\', \'prenume0\', \'cnp0\', \'localitate0\', \'judet0\', \'strada0\', \'bloc0\', \'scara0\')')
 5 SYSTEMPATH\Database\BaseBuilder.php(2309): CodeIgniter\Database\BaseConnection->query('INSERT INTO "ADMINISTRATORI" ("id", "parola", "nume", "prenume", "cnp", "localitate", "judet", "strada", "bloc", "scara") VALUES (:id:, :parola:, :nume:, :prenume:, :cnp:, :localitate:, :judet:, :strada:, :bloc:, :scara:)', [...], false)
 6 SYSTEMPATH\Model.php(330): CodeIgniter\Database\BaseBuilder->insert()
 7 SYSTEMPATH\BaseModel.php(782): CodeIgniter\Model->doInsert([...])
 8 SYSTEMPATH\Model.php(730): CodeIgniter\BaseModel->insert([...], true)
 9 APPPATH\Controllers\Home.php(36): CodeIgniter\Model->insert([...])
10 SYSTEMPATH\CodeIgniter.php(934): App\Controllers\Home->index()
11 SYSTEMPATH\CodeIgniter.php(499): CodeIgniter\CodeIgniter->runController(Object(App\Controllers\Home))
12 SYSTEMPATH\CodeIgniter.php(368): CodeIgniter\CodeIgniter->handleRequest(null, Object(Config\Cache), false)
13 FCPATH\index.php(67): CodeIgniter\CodeIgniter->run()
ERROR - 2023-05-15 13:21:02 --> ErrorException: oci_execute(): ORA-01400: cannot insert NULL into (&quot;MPSAM&quot;.&quot;ADMINISTRATORI&quot;.&quot;etaj&quot;) in C:\Users\MPSAM\Documents\WEB Platform\php-8.2.6-Win32-vs16-x64\system\Database\OCI8\Connection.php:199
Stack trace:
#0 [internal function]: CodeIgniter\Debug\Exceptions->errorHandler(2, 'oci_execute(): ...', 'C:\\Users\\MPSAM\\...', 199)
#1 C:\Users\MPSAM\Documents\WEB Platform\php-8.2.6-Win32-vs16-x64\system\Database\OCI8\Connection.php(199): oci_execute(Resource id #111, 32)
#2 C:\Users\MPSAM\Documents\WEB Platform\php-8.2.6-Win32-vs16-x64\system\Database\BaseConnection.php(693): CodeIgniter\Database\OCI8\Connection->execute('INSERT INTO "AD...')
#3 C:\Users\MPSAM\Documents\WEB Platform\php-8.2.6-Win32-vs16-x64\system\Database\BaseConnection.php(606): CodeIgniter\Database\BaseConnection->simpleQuery('INSERT INTO "AD...')
#4 C:\Users\MPSAM\Documents\WEB Platform\php-8.2.6-Win32-vs16-x64\system\Database\BaseBuilder.php(2309): CodeIgniter\Database\BaseConnection->query('INSERT INTO "AD...', Array, false)
#5 C:\Users\MPSAM\Documents\WEB Platform\php-8.2.6-Win32-vs16-x64\system\Model.php(330): CodeIgniter\Database\BaseBuilder->insert()
#6 C:\Users\MPSAM\Documents\WEB Platform\php-8.2.6-Win32-vs16-x64\system\BaseModel.php(782): CodeIgniter\Model->doInsert(Array)
#7 C:\Users\MPSAM\Documents\WEB Platform\php-8.2.6-Win32-vs16-x64\system\Model.php(730): CodeIgniter\BaseModel->insert(Array, true)
#8 C:\Users\MPSAM\Documents\WEB Platform\php-8.2.6-Win32-vs16-x64\app\Controllers\Home.php(36): CodeIgniter\Model->insert(Array)
#9 C:\Users\MPSAM\Documents\WEB Platform\php-8.2.6-Win32-vs16-x64\system\CodeIgniter.php(934): App\Controllers\Home->index()
#10 C:\Users\MPSAM\Documents\WEB Platform\php-8.2.6-Win32-vs16-x64\system\CodeIgniter.php(499): CodeIgniter\CodeIgniter->runController(Object(App\Controllers\Home))
#11 C:\Users\MPSAM\Documents\WEB Platform\php-8.2.6-Win32-vs16-x64\system\CodeIgniter.php(368): CodeIgniter\CodeIgniter->handleRequest(NULL, Object(Config\Cache), false)
#12 C:\Users\MPSAM\Documents\WEB Platform\php-8.2.6-Win32-vs16-x64\public\index.php(67): CodeIgniter\CodeIgniter->run()
#13 {main}
CRITICAL - 2023-05-15 13:21:02 --> oci_execute(): ORA-01400: cannot insert NULL into (&quot;MPSAM&quot;.&quot;ADMINISTRATORI&quot;.&quot;etaj&quot;)
in SYSTEMPATH\Database\OCI8\Connection.php on line 199.
 1 [internal function]: CodeIgniter\Debug\Exceptions->errorHandler(2, 'oci_execute(): ORA-01400: cannot insert NULL into (&quot;MPSAM&quot;.&quot;ADMINISTRATORI&quot;.&quot;etaj&quot;)', 'C:\\Users\\MPSAM\\Documents\\WEB Platform\\php-8.2.6-Win32-vs16-x64\\system\\Database\\OCI8\\Connection.php', 199)
 2 SYSTEMPATH\Database\OCI8\Connection.php(199): oci_execute(resource (oci8 statement), 32)
 3 SYSTEMPATH\Database\BaseConnection.php(693): CodeIgniter\Database\OCI8\Connection->execute('INSERT INTO "ADMINISTRATORI" ("id", "parola", "nume", "prenume", "cnp", "localitate", "judet", "strada", "bloc", "scara") VALUES (0, \'5994471abb01112afcc18159f6cc74b4f511b99806da59b3caf5a9c173cacfc5\', \'nume0\', \'prenume0\', \'cnp0\', \'localitate0\', \'judet0\', \'strada0\', \'bloc0\', \'scara0\')')
 4 SYSTEMPATH\Database\BaseConnection.php(606): CodeIgniter\Database\BaseConnection->simpleQuery('INSERT INTO "ADMINISTRATORI" ("id", "parola", "nume", "prenume", "cnp", "localitate", "judet", "strada", "bloc", "scara") VALUES (0, \'5994471abb01112afcc18159f6cc74b4f511b99806da59b3caf5a9c173cacfc5\', \'nume0\', \'prenume0\', \'cnp0\', \'localitate0\', \'judet0\', \'strada0\', \'bloc0\', \'scara0\')')
 5 SYSTEMPATH\Database\BaseBuilder.php(2309): CodeIgniter\Database\BaseConnection->query('INSERT INTO "ADMINISTRATORI" ("id", "parola", "nume", "prenume", "cnp", "localitate", "judet", "strada", "bloc", "scara") VALUES (:id:, :parola:, :nume:, :prenume:, :cnp:, :localitate:, :judet:, :strada:, :bloc:, :scara:)', [...], false)
 6 SYSTEMPATH\Model.php(330): CodeIgniter\Database\BaseBuilder->insert()
 7 SYSTEMPATH\BaseModel.php(782): CodeIgniter\Model->doInsert([...])
 8 SYSTEMPATH\Model.php(730): CodeIgniter\BaseModel->insert([...], true)
 9 APPPATH\Controllers\Home.php(36): CodeIgniter\Model->insert([...])
10 SYSTEMPATH\CodeIgniter.php(934): App\Controllers\Home->index()
11 SYSTEMPATH\CodeIgniter.php(499): CodeIgniter\CodeIgniter->runController(Object(App\Controllers\Home))
12 SYSTEMPATH\CodeIgniter.php(368): CodeIgniter\CodeIgniter->handleRequest(null, Object(Config\Cache), false)
13 FCPATH\index.php(67): CodeIgniter\CodeIgniter->run()
ERROR - 2023-05-15 13:22:02 --> ErrorException: oci_execute(): ORA-01722: invalid number in C:\Users\MPSAM\Documents\WEB Platform\php-8.2.6-Win32-vs16-x64\system\Database\OCI8\Connection.php:199
Stack trace:
#0 [internal function]: CodeIgniter\Debug\Exceptions->errorHandler(2, 'oci_execute(): ...', 'C:\\Users\\MPSAM\\...', 199)
#1 C:\Users\MPSAM\Documents\WEB Platform\php-8.2.6-Win32-vs16-x64\system\Database\OCI8\Connection.php(199): oci_execute(Resource id #111, 32)
#2 C:\Users\MPSAM\Documents\WEB Platform\php-8.2.6-Win32-vs16-x64\system\Database\BaseConnection.php(693): CodeIgniter\Database\OCI8\Connection->execute('INSERT INTO "AD...')
#3 C:\Users\MPSAM\Documents\WEB Platform\php-8.2.6-Win32-vs16-x64\system\Database\BaseConnection.php(606): CodeIgniter\Database\BaseConnection->simpleQuery('INSERT INTO "AD...')
#4 C:\Users\MPSAM\Documents\WEB Platform\php-8.2.6-Win32-vs16-x64\system\Database\BaseBuilder.php(2309): CodeIgniter\Database\BaseConnection->query('INSERT INTO "AD...', Array, false)
#5 C:\Users\MPSAM\Documents\WEB Platform\php-8.2.6-Win32-vs16-x64\system\Model.php(330): CodeIgniter\Database\BaseBuilder->insert()
#6 C:\Users\MPSAM\Documents\WEB Platform\php-8.2.6-Win32-vs16-x64\system\BaseModel.php(782): CodeIgniter\Model->doInsert(Array)
#7 C:\Users\MPSAM\Documents\WEB Platform\php-8.2.6-Win32-vs16-x64\system\Model.php(730): CodeIgniter\BaseModel->insert(Array, true)
#8 C:\Users\MPSAM\Documents\WEB Platform\php-8.2.6-Win32-vs16-x64\app\Controllers\Home.php(37): CodeIgniter\Model->insert(Array)
#9 C:\Users\MPSAM\Documents\WEB Platform\php-8.2.6-Win32-vs16-x64\system\CodeIgniter.php(934): App\Controllers\Home->index()
#10 C:\Users\MPSAM\Documents\WEB Platform\php-8.2.6-Win32-vs16-x64\system\CodeIgniter.php(499): CodeIgniter\CodeIgniter->runController(Object(App\Controllers\Home))
#11 C:\Users\MPSAM\Documents\WEB Platform\php-8.2.6-Win32-vs16-x64\system\CodeIgniter.php(368): CodeIgniter\CodeIgniter->handleRequest(NULL, Object(Config\Cache), false)
#12 C:\Users\MPSAM\Documents\WEB Platform\php-8.2.6-Win32-vs16-x64\public\index.php(67): CodeIgniter\CodeIgniter->run()
#13 {main}
CRITICAL - 2023-05-15 13:22:02 --> oci_execute(): ORA-01722: invalid number
in SYSTEMPATH\Database\OCI8\Connection.php on line 199.
 1 [internal function]: CodeIgniter\Debug\Exceptions->errorHandler(2, 'oci_execute(): ORA-01722: invalid number', 'C:\\Users\\MPSAM\\Documents\\WEB Platform\\php-8.2.6-Win32-vs16-x64\\system\\Database\\OCI8\\Connection.php', 199)
 2 SYSTEMPATH\Database\OCI8\Connection.php(199): oci_execute(resource (oci8 statement), 32)
 3 SYSTEMPATH\Database\BaseConnection.php(693): CodeIgniter\Database\OCI8\Connection->execute('INSERT INTO "ADMINISTRATORI" ("id", "parola", "nume", "prenume", "cnp", "localitate", "judet", "strada", "bloc", "scara", "etaj") VALUES (0, \'5994471abb01112afcc18159f6cc74b4f511b99806da59b3caf5a9c173cacfc5\', \'nume0\', \'prenume0\', \'cnp0\', \'localitate0\', \'judet0\', \'strada0\', \'bloc0\', \'scara0\', \'etaj0\')')
 4 SYSTEMPATH\Database\BaseConnection.php(606): CodeIgniter\Database\BaseConnection->simpleQuery('INSERT INTO "ADMINISTRATORI" ("id", "parola", "nume", "prenume", "cnp", "localitate", "judet", "strada", "bloc", "scara", "etaj") VALUES (0, \'5994471abb01112afcc18159f6cc74b4f511b99806da59b3caf5a9c173cacfc5\', \'nume0\', \'prenume0\', \'cnp0\', \'localitate0\', \'judet0\', \'strada0\', \'bloc0\', \'scara0\', \'etaj0\')')
 5 SYSTEMPATH\Database\BaseBuilder.php(2309): CodeIgniter\Database\BaseConnection->query('INSERT INTO "ADMINISTRATORI" ("id", "parola", "nume", "prenume", "cnp", "localitate", "judet", "strada", "bloc", "scara", "etaj") VALUES (:id:, :parola:, :nume:, :prenume:, :cnp:, :localitate:, :judet:, :strada:, :bloc:, :scara:, :etaj:)', [...], false)
 6 SYSTEMPATH\Model.php(330): CodeIgniter\Database\BaseBuilder->insert()
 7 SYSTEMPATH\BaseModel.php(782): CodeIgniter\Model->doInsert([...])
 8 SYSTEMPATH\Model.php(730): CodeIgniter\BaseModel->insert([...], true)
 9 APPPATH\Controllers\Home.php(37): CodeIgniter\Model->insert([...])
10 SYSTEMPATH\CodeIgniter.php(934): App\Controllers\Home->index()
11 SYSTEMPATH\CodeIgniter.php(499): CodeIgniter\CodeIgniter->runController(Object(App\Controllers\Home))
12 SYSTEMPATH\CodeIgniter.php(368): CodeIgniter\CodeIgniter->handleRequest(null, Object(Config\Cache), false)
13 FCPATH\index.php(67): CodeIgniter\CodeIgniter->run()
ERROR - 2023-05-15 13:33:22 --> ErrorException: oci_execute(): ORA-00001: unique constraint (MPSAM.pk_ADMINISTRATORI) violated in C:\Users\MPSAM\Documents\WEB Platform\php-8.2.6-Win32-vs16-x64\system\Database\OCI8\Connection.php:199
Stack trace:
#0 [internal function]: CodeIgniter\Debug\Exceptions->errorHandler(2, 'oci_execute(): ...', 'C:\\Users\\MPSAM\\...', 199)
#1 C:\Users\MPSAM\Documents\WEB Platform\php-8.2.6-Win32-vs16-x64\system\Database\OCI8\Connection.php(199): oci_execute(Resource id #111, 32)
#2 C:\Users\MPSAM\Documents\WEB Platform\php-8.2.6-Win32-vs16-x64\system\Database\BaseConnection.php(693): CodeIgniter\Database\OCI8\Connection->execute('INSERT INTO "AD...')
#3 C:\Users\MPSAM\Documents\WEB Platform\php-8.2.6-Win32-vs16-x64\system\Database\BaseConnection.php(606): CodeIgniter\Database\BaseConnection->simpleQuery('INSERT INTO "AD...')
#4 C:\Users\MPSAM\Documents\WEB Platform\php-8.2.6-Win32-vs16-x64\system\Database\BaseBuilder.php(2309): CodeIgniter\Database\BaseConnection->query('INSERT INTO "AD...', Array, false)
#5 C:\Users\MPSAM\Documents\WEB Platform\php-8.2.6-Win32-vs16-x64\system\Model.php(330): CodeIgniter\Database\BaseBuilder->insert()
#6 C:\Users\MPSAM\Documents\WEB Platform\php-8.2.6-Win32-vs16-x64\system\BaseModel.php(782): CodeIgniter\Model->doInsert(Array)
#7 C:\Users\MPSAM\Documents\WEB Platform\php-8.2.6-Win32-vs16-x64\system\Model.php(730): CodeIgniter\BaseModel->insert(Array, true)
#8 C:\Users\MPSAM\Documents\WEB Platform\php-8.2.6-Win32-vs16-x64\app\Controllers\Home.php(42): CodeIgniter\Model->insert(Array)
#9 C:\Users\MPSAM\Documents\WEB Platform\php-8.2.6-Win32-vs16-x64\system\CodeIgniter.php(934): App\Controllers\Home->index()
#10 C:\Users\MPSAM\Documents\WEB Platform\php-8.2.6-Win32-vs16-x64\system\CodeIgniter.php(499): CodeIgniter\CodeIgniter->runController(Object(App\Controllers\Home))
#11 C:\Users\MPSAM\Documents\WEB Platform\php-8.2.6-Win32-vs16-x64\system\CodeIgniter.php(368): CodeIgniter\CodeIgniter->handleRequest(NULL, Object(Config\Cache), false)
#12 C:\Users\MPSAM\Documents\WEB Platform\php-8.2.6-Win32-vs16-x64\public\index.php(67): CodeIgniter\CodeIgniter->run()
#13 {main}
CRITICAL - 2023-05-15 13:33:22 --> oci_execute(): ORA-00001: unique constraint (MPSAM.pk_ADMINISTRATORI) violated
in SYSTEMPATH\Database\OCI8\Connection.php on line 199.
 1 [internal function]: CodeIgniter\Debug\Exceptions->errorHandler(2, 'oci_execute(): ORA-00001: unique constraint (MPSAM.pk_ADMINISTRATORI) violated', 'C:\\Users\\MPSAM\\Documents\\WEB Platform\\php-8.2.6-Win32-vs16-x64\\system\\Database\\OCI8\\Connection.php', 199)
 2 SYSTEMPATH\Database\OCI8\Connection.php(199): oci_execute(resource (oci8 statement), 32)
 3 SYSTEMPATH\Database\BaseConnection.php(693): CodeIgniter\Database\OCI8\Connection->execute('INSERT INTO "ADMINISTRATORI" ("id", "parola", "nume", "prenume", "cnp", "localitate", "judet", "strada", "bloc", "scara", "etaj", "apartament", "numar", "telefon", "email") VALUES (0, \'5994471abb01112afcc18159f6cc74b4f511b99806da59b3caf5a9c173cacfc5\', \'nume0\', \'prenume0\', \'cnp0\', \'localitate0\', \'judet0\', \'strada0\', \'bloc0\', \'scara0\', 0, 0, \'0\', \'0754321753\', \'test0@test0.com\')')
 4 SYSTEMPATH\Database\BaseConnection.php(606): CodeIgniter\Database\BaseConnection->simpleQuery('INSERT INTO "ADMINISTRATORI" ("id", "parola", "nume", "prenume", "cnp", "localitate", "judet", "strada", "bloc", "scara", "etaj", "apartament", "numar", "telefon", "email") VALUES (0, \'5994471abb01112afcc18159f6cc74b4f511b99806da59b3caf5a9c173cacfc5\', \'nume0\', \'prenume0\', \'cnp0\', \'localitate0\', \'judet0\', \'strada0\', \'bloc0\', \'scara0\', 0, 0, \'0\', \'0754321753\', \'test0@test0.com\')')
 5 SYSTEMPATH\Database\BaseBuilder.php(2309): CodeIgniter\Database\BaseConnection->query('INSERT INTO "ADMINISTRATORI" ("id", "parola", "nume", "prenume", "cnp", "localitate", "judet", "strada", "bloc", "scara", "etaj", "apartament", "numar", "telefon", "email") VALUES (:id:, :parola:, :nume:, :prenume:, :cnp:, :localitate:, :judet:, :strada:, :bloc:, :scara:, :etaj:, :apartament:, :numar:, :telefon:, :email:)', [...], false)
 6 SYSTEMPATH\Model.php(330): CodeIgniter\Database\BaseBuilder->insert()
 7 SYSTEMPATH\BaseModel.php(782): CodeIgniter\Model->doInsert([...])
 8 SYSTEMPATH\Model.php(730): CodeIgniter\BaseModel->insert([...], true)
 9 APPPATH\Controllers\Home.php(42): CodeIgniter\Model->insert([...])
10 SYSTEMPATH\CodeIgniter.php(934): App\Controllers\Home->index()
11 SYSTEMPATH\CodeIgniter.php(499): CodeIgniter\CodeIgniter->runController(Object(App\Controllers\Home))
12 SYSTEMPATH\CodeIgniter.php(368): CodeIgniter\CodeIgniter->handleRequest(null, Object(Config\Cache), false)
13 FCPATH\index.php(67): CodeIgniter\CodeIgniter->run()
ERROR - 2023-05-15 13:34:27 --> ErrorException: oci_execute(): ORA-00001: unique constraint (MPSAM.pk_ADMINISTRATORI) violated in C:\Users\MPSAM\Documents\WEB Platform\php-8.2.6-Win32-vs16-x64\system\Database\OCI8\Connection.php:199
Stack trace:
#0 [internal function]: CodeIgniter\Debug\Exceptions->errorHandler(2, 'oci_execute(): ...', 'C:\\Users\\MPSAM\\...', 199)
#1 C:\Users\MPSAM\Documents\WEB Platform\php-8.2.6-Win32-vs16-x64\system\Database\OCI8\Connection.php(199): oci_execute(Resource id #111, 32)
#2 C:\Users\MPSAM\Documents\WEB Platform\php-8.2.6-Win32-vs16-x64\system\Database\BaseConnection.php(693): CodeIgniter\Database\OCI8\Connection->execute('INSERT INTO "AD...')
#3 C:\Users\MPSAM\Documents\WEB Platform\php-8.2.6-Win32-vs16-x64\system\Database\BaseConnection.php(606): CodeIgniter\Database\BaseConnection->simpleQuery('INSERT INTO "AD...')
#4 C:\Users\MPSAM\Documents\WEB Platform\php-8.2.6-Win32-vs16-x64\system\Database\BaseBuilder.php(2309): CodeIgniter\Database\BaseConnection->query('INSERT INTO "AD...', Array, false)
#5 C:\Users\MPSAM\Documents\WEB Platform\php-8.2.6-Win32-vs16-x64\system\Model.php(330): CodeIgniter\Database\BaseBuilder->insert()
#6 C:\Users\MPSAM\Documents\WEB Platform\php-8.2.6-Win32-vs16-x64\system\BaseModel.php(782): CodeIgniter\Model->doInsert(Array)
#7 C:\Users\MPSAM\Documents\WEB Platform\php-8.2.6-Win32-vs16-x64\system\Model.php(730): CodeIgniter\BaseModel->insert(Array, true)
#8 C:\Users\MPSAM\Documents\WEB Platform\php-8.2.6-Win32-vs16-x64\app\Controllers\Home.php(40): CodeIgniter\Model->insert(Array)
#9 C:\Users\MPSAM\Documents\WEB Platform\php-8.2.6-Win32-vs16-x64\system\CodeIgniter.php(934): App\Controllers\Home->index()
#10 C:\Users\MPSAM\Documents\WEB Platform\php-8.2.6-Win32-vs16-x64\system\CodeIgniter.php(499): CodeIgniter\CodeIgniter->runController(Object(App\Controllers\Home))
#11 C:\Users\MPSAM\Documents\WEB Platform\php-8.2.6-Win32-vs16-x64\system\CodeIgniter.php(368): CodeIgniter\CodeIgniter->handleRequest(NULL, Object(Config\Cache), false)
#12 C:\Users\MPSAM\Documents\WEB Platform\php-8.2.6-Win32-vs16-x64\public\index.php(67): CodeIgniter\CodeIgniter->run()
#13 {main}
CRITICAL - 2023-05-15 13:34:27 --> oci_execute(): ORA-00001: unique constraint (MPSAM.pk_ADMINISTRATORI) violated
in SYSTEMPATH\Database\OCI8\Connection.php on line 199.
 1 [internal function]: CodeIgniter\Debug\Exceptions->errorHandler(2, 'oci_execute(): ORA-00001: unique constraint (MPSAM.pk_ADMINISTRATORI) violated', 'C:\\Users\\MPSAM\\Documents\\WEB Platform\\php-8.2.6-Win32-vs16-x64\\system\\Database\\OCI8\\Connection.php', 199)
 2 SYSTEMPATH\Database\OCI8\Connection.php(199): oci_execute(resource (oci8 statement), 32)
 3 SYSTEMPATH\Database\BaseConnection.php(693): CodeIgniter\Database\OCI8\Connection->execute('INSERT INTO "ADMINISTRATORI" ("id", "parola", "nume", "prenume", "cnp", "localitate", "judet", "strada", "bloc", "scara", "etaj", "apartament", "numar", "telefon", "email") VALUES (0, \'5994471abb01112afcc18159f6cc74b4f511b99806da59b3caf5a9c173cacfc5\', \'nume0\', \'prenume0\', \'cnp0\', \'localitate0\', \'judet0\', \'strada0\', \'bloc0\', \'scara0\', 0, 0, \'0\', \'0754321753\', \'test0@test0.com\')')
 4 SYSTEMPATH\Database\BaseConnection.php(606): CodeIgniter\Database\BaseConnection->simpleQuery('INSERT INTO "ADMINISTRATORI" ("id", "parola", "nume", "prenume", "cnp", "localitate", "judet", "strada", "bloc", "scara", "etaj", "apartament", "numar", "telefon", "email") VALUES (0, \'5994471abb01112afcc18159f6cc74b4f511b99806da59b3caf5a9c173cacfc5\', \'nume0\', \'prenume0\', \'cnp0\', \'localitate0\', \'judet0\', \'strada0\', \'bloc0\', \'scara0\', 0, 0, \'0\', \'0754321753\', \'test0@test0.com\')')
 5 SYSTEMPATH\Database\BaseBuilder.php(2309): CodeIgniter\Database\BaseConnection->query('INSERT INTO "ADMINISTRATORI" ("id", "parola", "nume", "prenume", "cnp", "localitate", "judet", "strada", "bloc", "scara", "etaj", "apartament", "numar", "telefon", "email") VALUES (:id:, :parola:, :nume:, :prenume:, :cnp:, :localitate:, :judet:, :strada:, :bloc:, :scara:, :etaj:, :apartament:, :numar:, :telefon:, :email:)', [...], false)
 6 SYSTEMPATH\Model.php(330): CodeIgniter\Database\BaseBuilder->insert()
 7 SYSTEMPATH\BaseModel.php(782): CodeIgniter\Model->doInsert([...])
 8 SYSTEMPATH\Model.php(730): CodeIgniter\BaseModel->insert([...], true)
 9 APPPATH\Controllers\Home.php(40): CodeIgniter\Model->insert([...])
10 SYSTEMPATH\CodeIgniter.php(934): App\Controllers\Home->index()
11 SYSTEMPATH\CodeIgniter.php(499): CodeIgniter\CodeIgniter->runController(Object(App\Controllers\Home))
12 SYSTEMPATH\CodeIgniter.php(368): CodeIgniter\CodeIgniter->handleRequest(null, Object(Config\Cache), false)
13 FCPATH\index.php(67): CodeIgniter\CodeIgniter->run()
